<?xml version="1.0" encoding="UTF-8"?>
<testsuite xmlns:xsi="http://www.w3.org/2001/XMLSchema-instance" xsi:noNamespaceSchemaLocation="https://maven.apache.org/surefire/maven-surefire-plugin/xsd/surefire-test-report-3.0.xsd" version="3.0" name="periodtracker.rest.RestAPITest" time="1.664" tests="6" errors="0" skipped="0" failures="0">
  <properties>
    <property name="java.specification.version" value="17"/>
    <property name="sun.jnu.encoding" value="UTF-8"/>
    <property name="java.class.path" value="/Users/fridaeriksennaess/Skole/H2022/KodingH22/ITprosjekt/Prosjekt/gr2214/periodtracker/rest/target/test-classes:/Users/fridaeriksennaess/.m2/repository/org/springframework/boot/spring-boot-starter-web/2.7.5/spring-boot-starter-web-2.7.5.jar:/Users/fridaeriksennaess/.m2/repository/org/springframework/boot/spring-boot-starter-json/2.7.5/spring-boot-starter-json-2.7.5.jar:/Users/fridaeriksennaess/.m2/repository/com/fasterxml/jackson/datatype/jackson-datatype-jdk8/2.13.4/jackson-datatype-jdk8-2.13.4.jar:/Users/fridaeriksennaess/.m2/repository/com/fasterxml/jackson/datatype/jackson-datatype-jsr310/2.13.4/jackson-datatype-jsr310-2.13.4.jar:/Users/fridaeriksennaess/.m2/repository/com/fasterxml/jackson/module/jackson-module-parameter-names/2.13.4/jackson-module-parameter-names-2.13.4.jar:/Users/fridaeriksennaess/.m2/repository/org/springframework/boot/spring-boot-starter-tomcat/2.7.5/spring-boot-starter-tomcat-2.7.5.jar:/Users/fridaeriksennaess/.m2/repository/org/apache/tomcat/embed/tomcat-embed-core/9.0.68/tomcat-embed-core-9.0.68.jar:/Users/fridaeriksennaess/.m2/repository/org/apache/tomcat/embed/tomcat-embed-el/9.0.68/tomcat-embed-el-9.0.68.jar:/Users/fridaeriksennaess/.m2/repository/org/apache/tomcat/embed/tomcat-embed-websocket/9.0.68/tomcat-embed-websocket-9.0.68.jar:/Users/fridaeriksennaess/.m2/repository/org/springframework/spring-webmvc/5.3.23/spring-webmvc-5.3.23.jar:/Users/fridaeriksennaess/.m2/repository/org/springframework/spring-aop/5.3.23/spring-aop-5.3.23.jar:/Users/fridaeriksennaess/.m2/repository/org/springframework/spring-expression/5.3.23/spring-expression-5.3.23.jar:/Users/fridaeriksennaess/.m2/repository/org/springframework/boot/spring-boot-starter-test/2.5.0/spring-boot-starter-test-2.5.0.jar:/Users/fridaeriksennaess/.m2/repository/org/springframework/boot/spring-boot-test/2.5.0/spring-boot-test-2.5.0.jar:/Users/fridaeriksennaess/.m2/repository/org/springframework/boot/spring-boot-test-autoconfigure/2.5.0/spring-boot-test-autoconfigure-2.5.0.jar:/Users/fridaeriksennaess/.m2/repository/jakarta/xml/bind/jakarta.xml.bind-api/2.3.3/jakarta.xml.bind-api-2.3.3.jar:/Users/fridaeriksennaess/.m2/repository/jakarta/activation/jakarta.activation-api/1.2.2/jakarta.activation-api-1.2.2.jar:/Users/fridaeriksennaess/.m2/repository/org/assertj/assertj-core/3.19.0/assertj-core-3.19.0.jar:/Users/fridaeriksennaess/.m2/repository/org/hamcrest/hamcrest/2.2/hamcrest-2.2.jar:/Users/fridaeriksennaess/.m2/repository/org/junit/jupiter/junit-jupiter/5.7.2/junit-jupiter-5.7.2.jar:/Users/fridaeriksennaess/.m2/repository/org/junit/jupiter/junit-jupiter-params/5.7.2/junit-jupiter-params-5.7.2.jar:/Users/fridaeriksennaess/.m2/repository/org/mockito/mockito-core/3.9.0/mockito-core-3.9.0.jar:/Users/fridaeriksennaess/.m2/repository/net/bytebuddy/byte-buddy/1.10.20/byte-buddy-1.10.20.jar:/Users/fridaeriksennaess/.m2/repository/net/bytebuddy/byte-buddy-agent/1.10.20/byte-buddy-agent-1.10.20.jar:/Users/fridaeriksennaess/.m2/repository/org/objenesis/objenesis/3.2/objenesis-3.2.jar:/Users/fridaeriksennaess/.m2/repository/org/mockito/mockito-junit-jupiter/3.9.0/mockito-junit-jupiter-3.9.0.jar:/Users/fridaeriksennaess/.m2/repository/org/skyscreamer/jsonassert/1.5.0/jsonassert-1.5.0.jar:/Users/fridaeriksennaess/.m2/repository/com/vaadin/external/google/android-json/0.0.20131108.vaadin1/android-json-0.0.20131108.vaadin1.jar:/Users/fridaeriksennaess/.m2/repository/org/springframework/spring-core/5.3.7/spring-core-5.3.7.jar:/Users/fridaeriksennaess/.m2/repository/org/springframework/spring-jcl/5.3.7/spring-jcl-5.3.7.jar:/Users/fridaeriksennaess/.m2/repository/org/springframework/spring-test/5.3.7/spring-test-5.3.7.jar:/Users/fridaeriksennaess/.m2/repository/org/xmlunit/xmlunit-core/2.8.2/xmlunit-core-2.8.2.jar:/Users/fridaeriksennaess/.m2/repository/org/springframework/boot/spring-boot-starter-jetty/2.4.4/spring-boot-starter-jetty-2.4.4.jar:/Users/fridaeriksennaess/.m2/repository/jakarta/servlet/jakarta.servlet-api/4.0.4/jakarta.servlet-api-4.0.4.jar:/Users/fridaeriksennaess/.m2/repository/jakarta/websocket/jakarta.websocket-api/1.1.2/jakarta.websocket-api-1.1.2.jar:/Users/fridaeriksennaess/.m2/repository/org/eclipse/jetty/jetty-servlets/9.4.38.v20210224/jetty-servlets-9.4.38.v20210224.jar:/Users/fridaeriksennaess/.m2/repository/org/eclipse/jetty/jetty-continuation/9.4.38.v20210224/jetty-continuation-9.4.38.v20210224.jar:/Users/fridaeriksennaess/.m2/repository/org/eclipse/jetty/jetty-http/9.4.38.v20210224/jetty-http-9.4.38.v20210224.jar:/Users/fridaeriksennaess/.m2/repository/org/eclipse/jetty/jetty-util/9.4.38.v20210224/jetty-util-9.4.38.v20210224.jar:/Users/fridaeriksennaess/.m2/repository/org/eclipse/jetty/jetty-io/9.4.38.v20210224/jetty-io-9.4.38.v20210224.jar:/Users/fridaeriksennaess/.m2/repository/org/eclipse/jetty/jetty-webapp/9.4.38.v20210224/jetty-webapp-9.4.38.v20210224.jar:/Users/fridaeriksennaess/.m2/repository/org/eclipse/jetty/jetty-xml/9.4.38.v20210224/jetty-xml-9.4.38.v20210224.jar:/Users/fridaeriksennaess/.m2/repository/org/eclipse/jetty/jetty-servlet/9.4.38.v20210224/jetty-servlet-9.4.38.v20210224.jar:/Users/fridaeriksennaess/.m2/repository/org/eclipse/jetty/jetty-security/9.4.38.v20210224/jetty-security-9.4.38.v20210224.jar:/Users/fridaeriksennaess/.m2/repository/org/eclipse/jetty/jetty-server/9.4.38.v20210224/jetty-server-9.4.38.v20210224.jar:/Users/fridaeriksennaess/.m2/repository/org/eclipse/jetty/jetty-util-ajax/9.4.38.v20210224/jetty-util-ajax-9.4.38.v20210224.jar:/Users/fridaeriksennaess/.m2/repository/org/eclipse/jetty/websocket/websocket-server/9.4.38.v20210224/websocket-server-9.4.38.v20210224.jar:/Users/fridaeriksennaess/.m2/repository/org/eclipse/jetty/websocket/websocket-common/9.4.38.v20210224/websocket-common-9.4.38.v20210224.jar:/Users/fridaeriksennaess/.m2/repository/org/eclipse/jetty/websocket/websocket-api/9.4.38.v20210224/websocket-api-9.4.38.v20210224.jar:/Users/fridaeriksennaess/.m2/repository/org/eclipse/jetty/websocket/websocket-client/9.4.38.v20210224/websocket-client-9.4.38.v20210224.jar:/Users/fridaeriksennaess/.m2/repository/org/eclipse/jetty/jetty-client/9.4.38.v20210224/jetty-client-9.4.38.v20210224.jar:/Users/fridaeriksennaess/.m2/repository/org/eclipse/jetty/websocket/websocket-servlet/9.4.38.v20210224/websocket-servlet-9.4.38.v20210224.jar:/Users/fridaeriksennaess/.m2/repository/org/eclipse/jetty/websocket/javax-websocket-server-impl/9.4.38.v20210224/javax-websocket-server-impl-9.4.38.v20210224.jar:/Users/fridaeriksennaess/.m2/repository/org/eclipse/jetty/jetty-annotations/9.4.38.v20210224/jetty-annotations-9.4.38.v20210224.jar:/Users/fridaeriksennaess/.m2/repository/org/eclipse/jetty/jetty-plus/9.4.38.v20210224/jetty-plus-9.4.38.v20210224.jar:/Users/fridaeriksennaess/.m2/repository/org/ow2/asm/asm/9.0/asm-9.0.jar:/Users/fridaeriksennaess/.m2/repository/org/ow2/asm/asm-commons/9.0/asm-commons-9.0.jar:/Users/fridaeriksennaess/.m2/repository/org/ow2/asm/asm-tree/9.0/asm-tree-9.0.jar:/Users/fridaeriksennaess/.m2/repository/org/ow2/asm/asm-analysis/9.0/asm-analysis-9.0.jar:/Users/fridaeriksennaess/.m2/repository/org/eclipse/jetty/websocket/javax-websocket-client-impl/9.4.38.v20210224/javax-websocket-client-impl-9.4.38.v20210224.jar:/Users/fridaeriksennaess/.m2/repository/org/glassfish/jakarta.el/3.0.3/jakarta.el-3.0.3.jar:/Users/fridaeriksennaess/.m2/repository/org/springframework/boot/spring-boot-starter/2.7.5/spring-boot-starter-2.7.5.jar:/Users/fridaeriksennaess/.m2/repository/org/springframework/boot/spring-boot-starter-logging/2.7.5/spring-boot-starter-logging-2.7.5.jar:/Users/fridaeriksennaess/.m2/repository/ch/qos/logback/logback-classic/1.2.11/logback-classic-1.2.11.jar:/Users/fridaeriksennaess/.m2/repository/ch/qos/logback/logback-core/1.2.11/logback-core-1.2.11.jar:/Users/fridaeriksennaess/.m2/repository/org/apache/logging/log4j/log4j-to-slf4j/2.17.2/log4j-to-slf4j-2.17.2.jar:/Users/fridaeriksennaess/.m2/repository/org/apache/logging/log4j/log4j-api/2.17.2/log4j-api-2.17.2.jar:/Users/fridaeriksennaess/.m2/repository/org/slf4j/jul-to-slf4j/1.7.36/jul-to-slf4j-1.7.36.jar:/Users/fridaeriksennaess/.m2/repository/jakarta/annotation/jakarta.annotation-api/1.3.5/jakarta.annotation-api-1.3.5.jar:/Users/fridaeriksennaess/.m2/repository/org/yaml/snakeyaml/1.30/snakeyaml-1.30.jar:/Users/fridaeriksennaess/.m2/repository/org/springframework/boot/spring-boot-devtools/2.7.5/spring-boot-devtools-2.7.5.jar:/Users/fridaeriksennaess/.m2/repository/org/openjfx/javafx-controls/19/javafx-controls-19.jar:/Users/fridaeriksennaess/.m2/repository/org/openjfx/javafx-controls/19/javafx-controls-19-mac-aarch64.jar:/Users/fridaeriksennaess/.m2/repository/org/openjfx/javafx-graphics/19/javafx-graphics-19.jar:/Users/fridaeriksennaess/.m2/repository/org/openjfx/javafx-base/19/javafx-base-19.jar:/Users/fridaeriksennaess/.m2/repository/org/openjfx/javafx-fxml/19/javafx-fxml-19.jar:/Users/fridaeriksennaess/.m2/repository/org/openjfx/javafx-fxml/19/javafx-fxml-19-mac-aarch64.jar:/Users/fridaeriksennaess/.m2/repository/com/jayway/jsonpath/json-path/2.7.0/json-path-2.7.0.jar:/Users/fridaeriksennaess/.m2/repository/net/minidev/json-smart/2.4.7/json-smart-2.4.7.jar:/Users/fridaeriksennaess/.m2/repository/net/minidev/accessors-smart/2.4.7/accessors-smart-2.4.7.jar:/Users/fridaeriksennaess/.m2/repository/org/slf4j/slf4j-api/1.7.33/slf4j-api-1.7.33.jar:/Users/fridaeriksennaess/.m2/repository/org/junit/jupiter/junit-jupiter-engine/5.6.1/junit-jupiter-engine-5.6.1.jar:/Users/fridaeriksennaess/.m2/repository/org/apiguardian/apiguardian-api/1.1.0/apiguardian-api-1.1.0.jar:/Users/fridaeriksennaess/.m2/repository/org/junit/platform/junit-platform-engine/1.6.1/junit-platform-engine-1.6.1.jar:/Users/fridaeriksennaess/.m2/repository/org/opentest4j/opentest4j/1.2.0/opentest4j-1.2.0.jar:/Users/fridaeriksennaess/.m2/repository/org/junit/platform/junit-platform-commons/1.6.1/junit-platform-commons-1.6.1.jar:/Users/fridaeriksennaess/.m2/repository/org/junit/jupiter/junit-jupiter-api/5.7.2/junit-jupiter-api-5.7.2.jar:"/>
    <property name="java.vm.vendor" value="Eclipse Adoptium"/>
    <property name="sun.arch.data.model" value="64"/>
    <property name="catalina.useNaming" value="false"/>
    <property name="java.vendor.url" value="https://adoptium.net/"/>
    <property name="user.timezone" value="Europe/Oslo"/>
    <property name="os.name" value="Mac OS X"/>
    <property name="java.vm.specification.version" value="17"/>
    <property name="sun.java.launcher" value="SUN_STANDARD"/>
    <property name="user.country" value="NO"/>
    <property name="sun.boot.library.path" value="/Users/fridaeriksennaess/.sdkman/candidates/java/17.0.1-tem/lib"/>
    <property name="sun.java.command" value="org.apache.maven.surefire.booter.ForkedBooter /Users/fridaeriksennaess/Skole/H2022/KodingH22/ITprosjekt/Prosjekt/gr2214/periodtracker/rest/target/surefire 2023-03-29T09-35-04_137-jvmRun1 surefire5937229566826348657tmp surefire_12327960715602701121tmp"/>
    <property name="http.nonProxyHosts" value="local|*.local|169.254/16|*.169.254/16"/>
    <property name="jdk.debug" value="release"/>
    <property name="surefire.test.class.path" value="/Users/fridaeriksennaess/Skole/H2022/KodingH22/ITprosjekt/Prosjekt/gr2214/periodtracker/rest/target/test-classes:/Users/fridaeriksennaess/.m2/repository/org/springframework/boot/spring-boot-starter-web/2.7.5/spring-boot-starter-web-2.7.5.jar:/Users/fridaeriksennaess/.m2/repository/org/springframework/boot/spring-boot-starter-json/2.7.5/spring-boot-starter-json-2.7.5.jar:/Users/fridaeriksennaess/.m2/repository/com/fasterxml/jackson/datatype/jackson-datatype-jdk8/2.13.4/jackson-datatype-jdk8-2.13.4.jar:/Users/fridaeriksennaess/.m2/repository/com/fasterxml/jackson/datatype/jackson-datatype-jsr310/2.13.4/jackson-datatype-jsr310-2.13.4.jar:/Users/fridaeriksennaess/.m2/repository/com/fasterxml/jackson/module/jackson-module-parameter-names/2.13.4/jackson-module-parameter-names-2.13.4.jar:/Users/fridaeriksennaess/.m2/repository/org/springframework/boot/spring-boot-starter-tomcat/2.7.5/spring-boot-starter-tomcat-2.7.5.jar:/Users/fridaeriksennaess/.m2/repository/org/apache/tomcat/embed/tomcat-embed-core/9.0.68/tomcat-embed-core-9.0.68.jar:/Users/fridaeriksennaess/.m2/repository/org/apache/tomcat/embed/tomcat-embed-el/9.0.68/tomcat-embed-el-9.0.68.jar:/Users/fridaeriksennaess/.m2/repository/org/apache/tomcat/embed/tomcat-embed-websocket/9.0.68/tomcat-embed-websocket-9.0.68.jar:/Users/fridaeriksennaess/.m2/repository/org/springframework/spring-webmvc/5.3.23/spring-webmvc-5.3.23.jar:/Users/fridaeriksennaess/.m2/repository/org/springframework/spring-aop/5.3.23/spring-aop-5.3.23.jar:/Users/fridaeriksennaess/.m2/repository/org/springframework/spring-expression/5.3.23/spring-expression-5.3.23.jar:/Users/fridaeriksennaess/.m2/repository/org/springframework/boot/spring-boot-starter-test/2.5.0/spring-boot-starter-test-2.5.0.jar:/Users/fridaeriksennaess/.m2/repository/org/springframework/boot/spring-boot-test/2.5.0/spring-boot-test-2.5.0.jar:/Users/fridaeriksennaess/.m2/repository/org/springframework/boot/spring-boot-test-autoconfigure/2.5.0/spring-boot-test-autoconfigure-2.5.0.jar:/Users/fridaeriksennaess/.m2/repository/jakarta/xml/bind/jakarta.xml.bind-api/2.3.3/jakarta.xml.bind-api-2.3.3.jar:/Users/fridaeriksennaess/.m2/repository/jakarta/activation/jakarta.activation-api/1.2.2/jakarta.activation-api-1.2.2.jar:/Users/fridaeriksennaess/.m2/repository/org/assertj/assertj-core/3.19.0/assertj-core-3.19.0.jar:/Users/fridaeriksennaess/.m2/repository/org/hamcrest/hamcrest/2.2/hamcrest-2.2.jar:/Users/fridaeriksennaess/.m2/repository/org/junit/jupiter/junit-jupiter/5.7.2/junit-jupiter-5.7.2.jar:/Users/fridaeriksennaess/.m2/repository/org/junit/jupiter/junit-jupiter-params/5.7.2/junit-jupiter-params-5.7.2.jar:/Users/fridaeriksennaess/.m2/repository/org/mockito/mockito-core/3.9.0/mockito-core-3.9.0.jar:/Users/fridaeriksennaess/.m2/repository/net/bytebuddy/byte-buddy/1.10.20/byte-buddy-1.10.20.jar:/Users/fridaeriksennaess/.m2/repository/net/bytebuddy/byte-buddy-agent/1.10.20/byte-buddy-agent-1.10.20.jar:/Users/fridaeriksennaess/.m2/repository/org/objenesis/objenesis/3.2/objenesis-3.2.jar:/Users/fridaeriksennaess/.m2/repository/org/mockito/mockito-junit-jupiter/3.9.0/mockito-junit-jupiter-3.9.0.jar:/Users/fridaeriksennaess/.m2/repository/org/skyscreamer/jsonassert/1.5.0/jsonassert-1.5.0.jar:/Users/fridaeriksennaess/.m2/repository/com/vaadin/external/google/android-json/0.0.20131108.vaadin1/android-json-0.0.20131108.vaadin1.jar:/Users/fridaeriksennaess/.m2/repository/org/springframework/spring-core/5.3.7/spring-core-5.3.7.jar:/Users/fridaeriksennaess/.m2/repository/org/springframework/spring-jcl/5.3.7/spring-jcl-5.3.7.jar:/Users/fridaeriksennaess/.m2/repository/org/springframework/spring-test/5.3.7/spring-test-5.3.7.jar:/Users/fridaeriksennaess/.m2/repository/org/xmlunit/xmlunit-core/2.8.2/xmlunit-core-2.8.2.jar:/Users/fridaeriksennaess/.m2/repository/org/springframework/boot/spring-boot-starter-jetty/2.4.4/spring-boot-starter-jetty-2.4.4.jar:/Users/fridaeriksennaess/.m2/repository/jakarta/servlet/jakarta.servlet-api/4.0.4/jakarta.servlet-api-4.0.4.jar:/Users/fridaeriksennaess/.m2/repository/jakarta/websocket/jakarta.websocket-api/1.1.2/jakarta.websocket-api-1.1.2.jar:/Users/fridaeriksennaess/.m2/repository/org/eclipse/jetty/jetty-servlets/9.4.38.v20210224/jetty-servlets-9.4.38.v20210224.jar:/Users/fridaeriksennaess/.m2/repository/org/eclipse/jetty/jetty-continuation/9.4.38.v20210224/jetty-continuation-9.4.38.v20210224.jar:/Users/fridaeriksennaess/.m2/repository/org/eclipse/jetty/jetty-http/9.4.38.v20210224/jetty-http-9.4.38.v20210224.jar:/Users/fridaeriksennaess/.m2/repository/org/eclipse/jetty/jetty-util/9.4.38.v20210224/jetty-util-9.4.38.v20210224.jar:/Users/fridaeriksennaess/.m2/repository/org/eclipse/jetty/jetty-io/9.4.38.v20210224/jetty-io-9.4.38.v20210224.jar:/Users/fridaeriksennaess/.m2/repository/org/eclipse/jetty/jetty-webapp/9.4.38.v20210224/jetty-webapp-9.4.38.v20210224.jar:/Users/fridaeriksennaess/.m2/repository/org/eclipse/jetty/jetty-xml/9.4.38.v20210224/jetty-xml-9.4.38.v20210224.jar:/Users/fridaeriksennaess/.m2/repository/org/eclipse/jetty/jetty-servlet/9.4.38.v20210224/jetty-servlet-9.4.38.v20210224.jar:/Users/fridaeriksennaess/.m2/repository/org/eclipse/jetty/jetty-security/9.4.38.v20210224/jetty-security-9.4.38.v20210224.jar:/Users/fridaeriksennaess/.m2/repository/org/eclipse/jetty/jetty-server/9.4.38.v20210224/jetty-server-9.4.38.v20210224.jar:/Users/fridaeriksennaess/.m2/repository/org/eclipse/jetty/jetty-util-ajax/9.4.38.v20210224/jetty-util-ajax-9.4.38.v20210224.jar:/Users/fridaeriksennaess/.m2/repository/org/eclipse/jetty/websocket/websocket-server/9.4.38.v20210224/websocket-server-9.4.38.v20210224.jar:/Users/fridaeriksennaess/.m2/repository/org/eclipse/jetty/websocket/websocket-common/9.4.38.v20210224/websocket-common-9.4.38.v20210224.jar:/Users/fridaeriksennaess/.m2/repository/org/eclipse/jetty/websocket/websocket-api/9.4.38.v20210224/websocket-api-9.4.38.v20210224.jar:/Users/fridaeriksennaess/.m2/repository/org/eclipse/jetty/websocket/websocket-client/9.4.38.v20210224/websocket-client-9.4.38.v20210224.jar:/Users/fridaeriksennaess/.m2/repository/org/eclipse/jetty/jetty-client/9.4.38.v20210224/jetty-client-9.4.38.v20210224.jar:/Users/fridaeriksennaess/.m2/repository/org/eclipse/jetty/websocket/websocket-servlet/9.4.38.v20210224/websocket-servlet-9.4.38.v20210224.jar:/Users/fridaeriksennaess/.m2/repository/org/eclipse/jetty/websocket/javax-websocket-server-impl/9.4.38.v20210224/javax-websocket-server-impl-9.4.38.v20210224.jar:/Users/fridaeriksennaess/.m2/repository/org/eclipse/jetty/jetty-annotations/9.4.38.v20210224/jetty-annotations-9.4.38.v20210224.jar:/Users/fridaeriksennaess/.m2/repository/org/eclipse/jetty/jetty-plus/9.4.38.v20210224/jetty-plus-9.4.38.v20210224.jar:/Users/fridaeriksennaess/.m2/repository/org/ow2/asm/asm/9.0/asm-9.0.jar:/Users/fridaeriksennaess/.m2/repository/org/ow2/asm/asm-commons/9.0/asm-commons-9.0.jar:/Users/fridaeriksennaess/.m2/repository/org/ow2/asm/asm-tree/9.0/asm-tree-9.0.jar:/Users/fridaeriksennaess/.m2/repository/org/ow2/asm/asm-analysis/9.0/asm-analysis-9.0.jar:/Users/fridaeriksennaess/.m2/repository/org/eclipse/jetty/websocket/javax-websocket-client-impl/9.4.38.v20210224/javax-websocket-client-impl-9.4.38.v20210224.jar:/Users/fridaeriksennaess/.m2/repository/org/glassfish/jakarta.el/3.0.3/jakarta.el-3.0.3.jar:/Users/fridaeriksennaess/.m2/repository/org/springframework/boot/spring-boot-starter/2.7.5/spring-boot-starter-2.7.5.jar:/Users/fridaeriksennaess/.m2/repository/org/springframework/boot/spring-boot-starter-logging/2.7.5/spring-boot-starter-logging-2.7.5.jar:/Users/fridaeriksennaess/.m2/repository/ch/qos/logback/logback-classic/1.2.11/logback-classic-1.2.11.jar:/Users/fridaeriksennaess/.m2/repository/ch/qos/logback/logback-core/1.2.11/logback-core-1.2.11.jar:/Users/fridaeriksennaess/.m2/repository/org/apache/logging/log4j/log4j-to-slf4j/2.17.2/log4j-to-slf4j-2.17.2.jar:/Users/fridaeriksennaess/.m2/repository/org/apache/logging/log4j/log4j-api/2.17.2/log4j-api-2.17.2.jar:/Users/fridaeriksennaess/.m2/repository/org/slf4j/jul-to-slf4j/1.7.36/jul-to-slf4j-1.7.36.jar:/Users/fridaeriksennaess/.m2/repository/jakarta/annotation/jakarta.annotation-api/1.3.5/jakarta.annotation-api-1.3.5.jar:/Users/fridaeriksennaess/.m2/repository/org/yaml/snakeyaml/1.30/snakeyaml-1.30.jar:/Users/fridaeriksennaess/.m2/repository/org/springframework/boot/spring-boot-devtools/2.7.5/spring-boot-devtools-2.7.5.jar:/Users/fridaeriksennaess/.m2/repository/org/openjfx/javafx-controls/19/javafx-controls-19.jar:/Users/fridaeriksennaess/.m2/repository/org/openjfx/javafx-controls/19/javafx-controls-19-mac-aarch64.jar:/Users/fridaeriksennaess/.m2/repository/org/openjfx/javafx-graphics/19/javafx-graphics-19.jar:/Users/fridaeriksennaess/.m2/repository/org/openjfx/javafx-base/19/javafx-base-19.jar:/Users/fridaeriksennaess/.m2/repository/org/openjfx/javafx-fxml/19/javafx-fxml-19.jar:/Users/fridaeriksennaess/.m2/repository/org/openjfx/javafx-fxml/19/javafx-fxml-19-mac-aarch64.jar:/Users/fridaeriksennaess/.m2/repository/com/jayway/jsonpath/json-path/2.7.0/json-path-2.7.0.jar:/Users/fridaeriksennaess/.m2/repository/net/minidev/json-smart/2.4.7/json-smart-2.4.7.jar:/Users/fridaeriksennaess/.m2/repository/net/minidev/accessors-smart/2.4.7/accessors-smart-2.4.7.jar:/Users/fridaeriksennaess/.m2/repository/org/slf4j/slf4j-api/1.7.33/slf4j-api-1.7.33.jar:/Users/fridaeriksennaess/.m2/repository/org/junit/jupiter/junit-jupiter-engine/5.6.1/junit-jupiter-engine-5.6.1.jar:/Users/fridaeriksennaess/.m2/repository/org/apiguardian/apiguardian-api/1.1.0/apiguardian-api-1.1.0.jar:/Users/fridaeriksennaess/.m2/repository/org/junit/platform/junit-platform-engine/1.6.1/junit-platform-engine-1.6.1.jar:/Users/fridaeriksennaess/.m2/repository/org/opentest4j/opentest4j/1.2.0/opentest4j-1.2.0.jar:/Users/fridaeriksennaess/.m2/repository/org/junit/platform/junit-platform-commons/1.6.1/junit-platform-commons-1.6.1.jar:/Users/fridaeriksennaess/.m2/repository/org/junit/jupiter/junit-jupiter-api/5.7.2/junit-jupiter-api-5.7.2.jar:"/>
    <property name="sun.cpu.endian" value="little"/>
    <property name="user.home" value="/Users/fridaeriksennaess"/>
    <property name="user.language" value="nb"/>
    <property name="java.specification.vendor" value="Oracle Corporation"/>
    <property name="jdk.module.path" value="/Users/fridaeriksennaess/Skole/H2022/KodingH22/ITprosjekt/Prosjekt/gr2214/periodtracker/rest/target/classes:/Users/fridaeriksennaess/Skole/H2022/KodingH22/ITprosjekt/Prosjekt/gr2214/periodtracker/core/target/core-0.0.1-SNAPSHOT.jar:/Users/fridaeriksennaess/Skole/H2022/KodingH22/ITprosjekt/Prosjekt/gr2214/periodtracker/storage/target/storage-0.0.1-SNAPSHOT.jar:/Users/fridaeriksennaess/.m2/repository/org/springframework/spring-web/5.3.23/spring-web-5.3.23.jar:/Users/fridaeriksennaess/.m2/repository/org/springframework/spring-beans/5.3.23/spring-beans-5.3.23.jar:/Users/fridaeriksennaess/.m2/repository/org/springframework/spring-context/5.3.23/spring-context-5.3.23.jar:/Users/fridaeriksennaess/.m2/repository/org/springframework/boot/spring-boot/2.7.5/spring-boot-2.7.5.jar:/Users/fridaeriksennaess/.m2/repository/org/springframework/boot/spring-boot-autoconfigure/2.7.5/spring-boot-autoconfigure-2.7.5.jar:/Users/fridaeriksennaess/.m2/repository/org/openjfx/javafx-graphics/19/javafx-graphics-19-mac-aarch64.jar:/Users/fridaeriksennaess/.m2/repository/org/openjfx/javafx-base/19/javafx-base-19-mac-aarch64.jar:/Users/fridaeriksennaess/.m2/repository/com/fasterxml/jackson/core/jackson-databind/2.13.3/jackson-databind-2.13.3.jar:/Users/fridaeriksennaess/.m2/repository/com/fasterxml/jackson/core/jackson-annotations/2.13.3/jackson-annotations-2.13.3.jar:/Users/fridaeriksennaess/.m2/repository/com/fasterxml/jackson/core/jackson-core/2.13.3/jackson-core-2.13.3.jar"/>
    <property name="java.version.date" value="2021-10-19"/>
    <property name="java.home" value="/Users/fridaeriksennaess/.sdkman/candidates/java/17.0.1-tem"/>
    <property name="file.separator" value="/"/>
    <property name="basedir" value="/Users/fridaeriksennaess/Skole/H2022/KodingH22/ITprosjekt/Prosjekt/gr2214/periodtracker/rest"/>
    <property name="java.vm.compressedOopsMode" value="Zero based"/>
    <property name="line.separator" value="&#10;"/>
    <property name="java.vm.specification.vendor" value="Oracle Corporation"/>
    <property name="java.specification.name" value="Java Platform API Specification"/>
    <property name="FILE_LOG_CHARSET" value="UTF-8"/>
    <property name="java.awt.headless" value="true"/>
    <property name="surefire.real.class.path" value="/Users/fridaeriksennaess/.m2/repository/org/apache/maven/surefire/surefire-booter/3.0.0-M5/surefire-booter-3.0.0-M5.jar:/Users/fridaeriksennaess/.m2/repository/org/apache/maven/surefire/surefire-api/3.0.0-M5/surefire-api-3.0.0-M5.jar:/Users/fridaeriksennaess/.m2/repository/org/apache/maven/surefire/surefire-logger-api/3.0.0-M5/surefire-logger-api-3.0.0-M5.jar:/Users/fridaeriksennaess/.m2/repository/org/apache/maven/surefire/surefire-shared-utils/3.0.0-M4/surefire-shared-utils-3.0.0-M4.jar:/Users/fridaeriksennaess/.m2/repository/org/apache/maven/surefire/surefire-extensions-spi/3.0.0-M5/surefire-extensions-spi-3.0.0-M5.jar:/Users/fridaeriksennaess/Skole/H2022/KodingH22/ITprosjekt/Prosjekt/gr2214/periodtracker/rest/target/test-classes:/Users/fridaeriksennaess/.m2/repository/org/springframework/boot/spring-boot-starter-web/2.7.5/spring-boot-starter-web-2.7.5.jar:/Users/fridaeriksennaess/.m2/repository/org/springframework/boot/spring-boot-starter-json/2.7.5/spring-boot-starter-json-2.7.5.jar:/Users/fridaeriksennaess/.m2/repository/com/fasterxml/jackson/datatype/jackson-datatype-jdk8/2.13.4/jackson-datatype-jdk8-2.13.4.jar:/Users/fridaeriksennaess/.m2/repository/com/fasterxml/jackson/datatype/jackson-datatype-jsr310/2.13.4/jackson-datatype-jsr310-2.13.4.jar:/Users/fridaeriksennaess/.m2/repository/com/fasterxml/jackson/module/jackson-module-parameter-names/2.13.4/jackson-module-parameter-names-2.13.4.jar:/Users/fridaeriksennaess/.m2/repository/org/springframework/boot/spring-boot-starter-tomcat/2.7.5/spring-boot-starter-tomcat-2.7.5.jar:/Users/fridaeriksennaess/.m2/repository/org/apache/tomcat/embed/tomcat-embed-core/9.0.68/tomcat-embed-core-9.0.68.jar:/Users/fridaeriksennaess/.m2/repository/org/apache/tomcat/embed/tomcat-embed-el/9.0.68/tomcat-embed-el-9.0.68.jar:/Users/fridaeriksennaess/.m2/repository/org/apache/tomcat/embed/tomcat-embed-websocket/9.0.68/tomcat-embed-websocket-9.0.68.jar:/Users/fridaeriksennaess/.m2/repository/org/springframework/spring-webmvc/5.3.23/spring-webmvc-5.3.23.jar:/Users/fridaeriksennaess/.m2/repository/org/springframework/spring-aop/5.3.23/spring-aop-5.3.23.jar:/Users/fridaeriksennaess/.m2/repository/org/springframework/spring-expression/5.3.23/spring-expression-5.3.23.jar:/Users/fridaeriksennaess/.m2/repository/org/springframework/boot/spring-boot-starter-test/2.5.0/spring-boot-starter-test-2.5.0.jar:/Users/fridaeriksennaess/.m2/repository/org/springframework/boot/spring-boot-test/2.5.0/spring-boot-test-2.5.0.jar:/Users/fridaeriksennaess/.m2/repository/org/springframework/boot/spring-boot-test-autoconfigure/2.5.0/spring-boot-test-autoconfigure-2.5.0.jar:/Users/fridaeriksennaess/.m2/repository/jakarta/xml/bind/jakarta.xml.bind-api/2.3.3/jakarta.xml.bind-api-2.3.3.jar:/Users/fridaeriksennaess/.m2/repository/jakarta/activation/jakarta.activation-api/1.2.2/jakarta.activation-api-1.2.2.jar:/Users/fridaeriksennaess/.m2/repository/org/assertj/assertj-core/3.19.0/assertj-core-3.19.0.jar:/Users/fridaeriksennaess/.m2/repository/org/hamcrest/hamcrest/2.2/hamcrest-2.2.jar:/Users/fridaeriksennaess/.m2/repository/org/junit/jupiter/junit-jupiter/5.7.2/junit-jupiter-5.7.2.jar:/Users/fridaeriksennaess/.m2/repository/org/junit/jupiter/junit-jupiter-params/5.7.2/junit-jupiter-params-5.7.2.jar:/Users/fridaeriksennaess/.m2/repository/org/mockito/mockito-core/3.9.0/mockito-core-3.9.0.jar:/Users/fridaeriksennaess/.m2/repository/net/bytebuddy/byte-buddy/1.10.20/byte-buddy-1.10.20.jar:/Users/fridaeriksennaess/.m2/repository/net/bytebuddy/byte-buddy-agent/1.10.20/byte-buddy-agent-1.10.20.jar:/Users/fridaeriksennaess/.m2/repository/org/objenesis/objenesis/3.2/objenesis-3.2.jar:/Users/fridaeriksennaess/.m2/repository/org/mockito/mockito-junit-jupiter/3.9.0/mockito-junit-jupiter-3.9.0.jar:/Users/fridaeriksennaess/.m2/repository/org/skyscreamer/jsonassert/1.5.0/jsonassert-1.5.0.jar:/Users/fridaeriksennaess/.m2/repository/com/vaadin/external/google/android-json/0.0.20131108.vaadin1/android-json-0.0.20131108.vaadin1.jar:/Users/fridaeriksennaess/.m2/repository/org/springframework/spring-core/5.3.7/spring-core-5.3.7.jar:/Users/fridaeriksennaess/.m2/repository/org/springframework/spring-jcl/5.3.7/spring-jcl-5.3.7.jar:/Users/fridaeriksennaess/.m2/repository/org/springframework/spring-test/5.3.7/spring-test-5.3.7.jar:/Users/fridaeriksennaess/.m2/repository/org/xmlunit/xmlunit-core/2.8.2/xmlunit-core-2.8.2.jar:/Users/fridaeriksennaess/.m2/repository/org/springframework/boot/spring-boot-starter-jetty/2.4.4/spring-boot-starter-jetty-2.4.4.jar:/Users/fridaeriksennaess/.m2/repository/jakarta/servlet/jakarta.servlet-api/4.0.4/jakarta.servlet-api-4.0.4.jar:/Users/fridaeriksennaess/.m2/repository/jakarta/websocket/jakarta.websocket-api/1.1.2/jakarta.websocket-api-1.1.2.jar:/Users/fridaeriksennaess/.m2/repository/org/eclipse/jetty/jetty-servlets/9.4.38.v20210224/jetty-servlets-9.4.38.v20210224.jar:/Users/fridaeriksennaess/.m2/repository/org/eclipse/jetty/jetty-continuation/9.4.38.v20210224/jetty-continuation-9.4.38.v20210224.jar:/Users/fridaeriksennaess/.m2/repository/org/eclipse/jetty/jetty-http/9.4.38.v20210224/jetty-http-9.4.38.v20210224.jar:/Users/fridaeriksennaess/.m2/repository/org/eclipse/jetty/jetty-util/9.4.38.v20210224/jetty-util-9.4.38.v20210224.jar:/Users/fridaeriksennaess/.m2/repository/org/eclipse/jetty/jetty-io/9.4.38.v20210224/jetty-io-9.4.38.v20210224.jar:/Users/fridaeriksennaess/.m2/repository/org/eclipse/jetty/jetty-webapp/9.4.38.v20210224/jetty-webapp-9.4.38.v20210224.jar:/Users/fridaeriksennaess/.m2/repository/org/eclipse/jetty/jetty-xml/9.4.38.v20210224/jetty-xml-9.4.38.v20210224.jar:/Users/fridaeriksennaess/.m2/repository/org/eclipse/jetty/jetty-servlet/9.4.38.v20210224/jetty-servlet-9.4.38.v20210224.jar:/Users/fridaeriksennaess/.m2/repository/org/eclipse/jetty/jetty-security/9.4.38.v20210224/jetty-security-9.4.38.v20210224.jar:/Users/fridaeriksennaess/.m2/repository/org/eclipse/jetty/jetty-server/9.4.38.v20210224/jetty-server-9.4.38.v20210224.jar:/Users/fridaeriksennaess/.m2/repository/org/eclipse/jetty/jetty-util-ajax/9.4.38.v20210224/jetty-util-ajax-9.4.38.v20210224.jar:/Users/fridaeriksennaess/.m2/repository/org/eclipse/jetty/websocket/websocket-server/9.4.38.v20210224/websocket-server-9.4.38.v20210224.jar:/Users/fridaeriksennaess/.m2/repository/org/eclipse/jetty/websocket/websocket-common/9.4.38.v20210224/websocket-common-9.4.38.v20210224.jar:/Users/fridaeriksennaess/.m2/repository/org/eclipse/jetty/websocket/websocket-api/9.4.38.v20210224/websocket-api-9.4.38.v20210224.jar:/Users/fridaeriksennaess/.m2/repository/org/eclipse/jetty/websocket/websocket-client/9.4.38.v20210224/websocket-client-9.4.38.v20210224.jar:/Users/fridaeriksennaess/.m2/repository/org/eclipse/jetty/jetty-client/9.4.38.v20210224/jetty-client-9.4.38.v20210224.jar:/Users/fridaeriksennaess/.m2/repository/org/eclipse/jetty/websocket/websocket-servlet/9.4.38.v20210224/websocket-servlet-9.4.38.v20210224.jar:/Users/fridaeriksennaess/.m2/repository/org/eclipse/jetty/websocket/javax-websocket-server-impl/9.4.38.v20210224/javax-websocket-server-impl-9.4.38.v20210224.jar:/Users/fridaeriksennaess/.m2/repository/org/eclipse/jetty/jetty-annotations/9.4.38.v20210224/jetty-annotations-9.4.38.v20210224.jar:/Users/fridaeriksennaess/.m2/repository/org/eclipse/jetty/jetty-plus/9.4.38.v20210224/jetty-plus-9.4.38.v20210224.jar:/Users/fridaeriksennaess/.m2/repository/org/ow2/asm/asm/9.0/asm-9.0.jar:/Users/fridaeriksennaess/.m2/repository/org/ow2/asm/asm-commons/9.0/asm-commons-9.0.jar:/Users/fridaeriksennaess/.m2/repository/org/ow2/asm/asm-tree/9.0/asm-tree-9.0.jar:/Users/fridaeriksennaess/.m2/repository/org/ow2/asm/asm-analysis/9.0/asm-analysis-9.0.jar:/Users/fridaeriksennaess/.m2/repository/org/eclipse/jetty/websocket/javax-websocket-client-impl/9.4.38.v20210224/javax-websocket-client-impl-9.4.38.v20210224.jar:/Users/fridaeriksennaess/.m2/repository/org/glassfish/jakarta.el/3.0.3/jakarta.el-3.0.3.jar:/Users/fridaeriksennaess/.m2/repository/org/springframework/boot/spring-boot-starter/2.7.5/spring-boot-starter-2.7.5.jar:/Users/fridaeriksennaess/.m2/repository/org/springframework/boot/spring-boot-starter-logging/2.7.5/spring-boot-starter-logging-2.7.5.jar:/Users/fridaeriksennaess/.m2/repository/ch/qos/logback/logback-classic/1.2.11/logback-classic-1.2.11.jar:/Users/fridaeriksennaess/.m2/repository/ch/qos/logback/logback-core/1.2.11/logback-core-1.2.11.jar:/Users/fridaeriksennaess/.m2/repository/org/apache/logging/log4j/log4j-to-slf4j/2.17.2/log4j-to-slf4j-2.17.2.jar:/Users/fridaeriksennaess/.m2/repository/org/apache/logging/log4j/log4j-api/2.17.2/log4j-api-2.17.2.jar:/Users/fridaeriksennaess/.m2/repository/org/slf4j/jul-to-slf4j/1.7.36/jul-to-slf4j-1.7.36.jar:/Users/fridaeriksennaess/.m2/repository/jakarta/annotation/jakarta.annotation-api/1.3.5/jakarta.annotation-api-1.3.5.jar:/Users/fridaeriksennaess/.m2/repository/org/yaml/snakeyaml/1.30/snakeyaml-1.30.jar:/Users/fridaeriksennaess/.m2/repository/org/springframework/boot/spring-boot-devtools/2.7.5/spring-boot-devtools-2.7.5.jar:/Users/fridaeriksennaess/.m2/repository/org/openjfx/javafx-controls/19/javafx-controls-19.jar:/Users/fridaeriksennaess/.m2/repository/org/openjfx/javafx-controls/19/javafx-controls-19-mac-aarch64.jar:/Users/fridaeriksennaess/.m2/repository/org/openjfx/javafx-graphics/19/javafx-graphics-19.jar:/Users/fridaeriksennaess/.m2/repository/org/openjfx/javafx-base/19/javafx-base-19.jar:/Users/fridaeriksennaess/.m2/repository/org/openjfx/javafx-fxml/19/javafx-fxml-19.jar:/Users/fridaeriksennaess/.m2/repository/org/openjfx/javafx-fxml/19/javafx-fxml-19-mac-aarch64.jar:/Users/fridaeriksennaess/.m2/repository/com/jayway/jsonpath/json-path/2.7.0/json-path-2.7.0.jar:/Users/fridaeriksennaess/.m2/repository/net/minidev/json-smart/2.4.7/json-smart-2.4.7.jar:/Users/fridaeriksennaess/.m2/repository/net/minidev/accessors-smart/2.4.7/accessors-smart-2.4.7.jar:/Users/fridaeriksennaess/.m2/repository/org/slf4j/slf4j-api/1.7.33/slf4j-api-1.7.33.jar:/Users/fridaeriksennaess/.m2/repository/org/junit/jupiter/junit-jupiter-engine/5.6.1/junit-jupiter-engine-5.6.1.jar:/Users/fridaeriksennaess/.m2/repository/org/apiguardian/apiguardian-api/1.1.0/apiguardian-api-1.1.0.jar:/Users/fridaeriksennaess/.m2/repository/org/junit/platform/junit-platform-engine/1.6.1/junit-platform-engine-1.6.1.jar:/Users/fridaeriksennaess/.m2/repository/org/opentest4j/opentest4j/1.2.0/opentest4j-1.2.0.jar:/Users/fridaeriksennaess/.m2/repository/org/junit/platform/junit-platform-commons/1.6.1/junit-platform-commons-1.6.1.jar:/Users/fridaeriksennaess/.m2/repository/org/junit/jupiter/junit-jupiter-api/5.7.2/junit-jupiter-api-5.7.2.jar:/Users/fridaeriksennaess/.m2/repository/org/apache/maven/surefire/surefire-junit-platform/3.0.0-M5/surefire-junit-platform-3.0.0-M5.jar:/Users/fridaeriksennaess/.m2/repository/org/apache/maven/surefire/common-java5/3.0.0-M5/common-java5-3.0.0-M5.jar:/Users/fridaeriksennaess/.m2/repository/org/junit/platform/junit-platform-launcher/1.6.1/junit-platform-launcher-1.6.1.jar"/>
    <property name="sun.management.compiler" value="HotSpot 64-Bit Tiered Compilers"/>
    <property name="ftp.nonProxyHosts" value="local|*.local|169.254/16|*.169.254/16"/>
    <property name="java.runtime.version" value="17.0.1+12"/>
    <property name="user.name" value="fridaeriksennaess"/>
    <property name="path.separator" value=":"/>
    <property name="os.version" value="13.0"/>
    <property name="java.runtime.name" value="OpenJDK Runtime Environment"/>
    <property name="file.encoding" value="UTF-8"/>
    <property name="spring.beaninfo.ignore" value="true"/>
    <property name="java.vm.name" value="OpenJDK 64-Bit Server VM"/>
    <property name="java.vendor.version" value="Temurin-17.0.1+12"/>
    <property name="localRepository" value="/Users/fridaeriksennaess/.m2/repository"/>
    <property name="java.vendor.url.bug" value="https://github.com/adoptium/adoptium-support/issues"/>
    <property name="java.io.tmpdir" value="/var/folders/yx/f6lgkkk50kb60fhp7c8s0wlw0000gn/T/"/>
    <property name="catalina.home" value="/private/var/folders/yx/f6lgkkk50kb60fhp7c8s0wlw0000gn/T/tomcat.0.11048692087740758709"/>
    <property name="java.version" value="17.0.1"/>
    <property name="user.dir" value="/Users/fridaeriksennaess/Skole/H2022/KodingH22/ITprosjekt/Prosjekt/gr2214/periodtracker/rest"/>
    <property name="os.arch" value="aarch64"/>
    <property name="java.vm.specification.name" value="Java Virtual Machine Specification"/>
    <property name="PID" value="72401"/>
    <property name="CONSOLE_LOG_CHARSET" value="UTF-8"/>
    <property name="catalina.base" value="/private/var/folders/yx/f6lgkkk50kb60fhp7c8s0wlw0000gn/T/tomcat.0.11048692087740758709"/>
    <property name="native.encoding" value="UTF-8"/>
    <property name="java.library.path" value="/Users/fridaeriksennaess/Library/Java/Extensions:/Library/Java/Extensions:/Network/Library/Java/Extensions:/System/Library/Java/Extensions:/usr/lib/java:."/>
    <property name="java.vm.info" value="mixed mode"/>
    <property name="java.vendor" value="Eclipse Adoptium"/>
    <property name="java.vm.version" value="17.0.1+12"/>
    <property name="sun.io.unicode.encoding" value="UnicodeBig"/>
    <property name="socksNonProxyHosts" value="local|*.local|169.254/16|*.169.254/16"/>
    <property name="java.class.version" value="61.0"/>
  </properties>
  <testcase name="testGetSymptoms" classname="periodtracker.rest.RestAPITest" time="0.201">
    <system-out><![CDATA[09:35:07.241 [main] DEBUG org.springframework.test.context.BootstrapUtils - Instantiating CacheAwareContextLoaderDelegate from class [org.springframework.test.context.cache.DefaultCacheAwareContextLoaderDelegate]
09:35:07.250 [main] DEBUG org.springframework.test.context.BootstrapUtils - Instantiating BootstrapContext using constructor [public org.springframework.test.context.support.DefaultBootstrapContext(java.lang.Class,org.springframework.test.context.CacheAwareContextLoaderDelegate)]
09:35:07.278 [main] DEBUG org.springframework.test.context.BootstrapUtils - Instantiating TestContextBootstrapper for test class [periodtracker.rest.RestAPITest] from class [org.springframework.boot.test.context.SpringBootTestContextBootstrapper]
09:35:07.287 [main] DEBUG org.springframework.test.context.support.AbstractContextLoader - Did not detect default resource location for test class [periodtracker.rest.RestAPITest]: class path resource [periodtracker/rest/RestAPITest-context.xml] does not exist
09:35:07.288 [main] DEBUG org.springframework.test.context.support.AbstractContextLoader - Did not detect default resource location for test class [periodtracker.rest.RestAPITest]: class path resource [periodtracker/rest/RestAPITestContext.groovy] does not exist
09:35:07.288 [main] INFO org.springframework.test.context.support.AbstractContextLoader - Could not detect default resource locations for test class [periodtracker.rest.RestAPITest]: no resource found for suffixes {-context.xml, Context.groovy}.
09:35:07.378 [main] DEBUG org.springframework.boot.test.context.SpringBootTestContextBootstrapper - @TestExecutionListeners is not present for class [periodtracker.rest.RestAPITest]: using defaults.
09:35:07.378 [main] INFO org.springframework.boot.test.context.SpringBootTestContextBootstrapper - Loaded default TestExecutionListener class names from location [META-INF/spring.factories]: [org.springframework.boot.test.mock.mockito.MockitoTestExecutionListener, org.springframework.boot.test.mock.mockito.ResetMocksTestExecutionListener, org.springframework.boot.test.autoconfigure.restdocs.RestDocsTestExecutionListener, org.springframework.boot.test.autoconfigure.web.client.MockRestServiceServerResetTestExecutionListener, org.springframework.boot.test.autoconfigure.web.servlet.MockMvcPrintOnlyOnFailureTestExecutionListener, org.springframework.boot.test.autoconfigure.web.servlet.WebDriverTestExecutionListener, org.springframework.boot.test.autoconfigure.webservices.client.MockWebServiceServerTestExecutionListener, org.springframework.test.context.web.ServletTestExecutionListener, org.springframework.test.context.support.DirtiesContextBeforeModesTestExecutionListener, org.springframework.test.context.event.ApplicationEventsTestExecutionListener, org.springframework.test.context.support.DependencyInjectionTestExecutionListener, org.springframework.test.context.support.DirtiesContextTestExecutionListener, org.springframework.test.context.transaction.TransactionalTestExecutionListener, org.springframework.test.context.jdbc.SqlScriptsTestExecutionListener, org.springframework.test.context.event.EventPublishingTestExecutionListener]
09:35:07.387 [main] DEBUG org.springframework.boot.test.context.SpringBootTestContextBootstrapper - Skipping candidate TestExecutionListener [org.springframework.test.context.transaction.TransactionalTestExecutionListener] due to a missing dependency. Specify custom listener classes or make the default listener classes and their required dependencies available. Offending class: [org/springframework/transaction/TransactionDefinition]
09:35:07.387 [main] DEBUG org.springframework.boot.test.context.SpringBootTestContextBootstrapper - Skipping candidate TestExecutionListener [org.springframework.test.context.jdbc.SqlScriptsTestExecutionListener] due to a missing dependency. Specify custom listener classes or make the default listener classes and their required dependencies available. Offending class: [org/springframework/transaction/interceptor/TransactionAttribute]
09:35:07.388 [main] INFO org.springframework.boot.test.context.SpringBootTestContextBootstrapper - Using TestExecutionListeners: [org.springframework.test.context.web.ServletTestExecutionListener@6629ad09, org.springframework.test.context.support.DirtiesContextBeforeModesTestExecutionListener@43e1692f, org.springframework.test.context.event.ApplicationEventsTestExecutionListener@3e7c4815, org.springframework.boot.test.mock.mockito.MockitoTestExecutionListener@27df0f3d, org.springframework.boot.test.autoconfigure.SpringBootDependencyInjectionTestExecutionListener@c35af2a, org.springframework.test.context.support.DirtiesContextTestExecutionListener@44550792, org.springframework.test.context.event.EventPublishingTestExecutionListener@1835d3ed, org.springframework.boot.test.mock.mockito.ResetMocksTestExecutionListener@474c9131, org.springframework.boot.test.autoconfigure.restdocs.RestDocsTestExecutionListener@66213a0d, org.springframework.boot.test.autoconfigure.web.client.MockRestServiceServerResetTestExecutionListener@aa4d8cc, org.springframework.boot.test.autoconfigure.web.servlet.MockMvcPrintOnlyOnFailureTestExecutionListener@3cb8c8ce, org.springframework.boot.test.autoconfigure.web.servlet.WebDriverTestExecutionListener@1fde0371, org.springframework.boot.test.autoconfigure.webservices.client.MockWebServiceServerTestExecutionListener@70c0a3d5]
09:35:07.389 [main] DEBUG org.springframework.test.context.support.AbstractDirtiesContextTestExecutionListener - Before test class: context [DefaultTestContext@2af46afd testClass = RestAPITest, testInstance = [null], testMethod = [null], testException = [null], mergedContextConfiguration = [WebMergedContextConfiguration@760245e1 testClass = RestAPITest, locations = '{}', classes = '{class periodtracker.rest.RestApplication, class periodtracker.rest.RestAPIController, class periodtracker.rest.PersonService}', contextInitializerClasses = '[]', activeProfiles = '{test}', propertySourceLocations = '{}', propertySourceProperties = '{org.springframework.boot.test.context.SpringBootTestContextBootstrapper=true, server.port=0}', contextCustomizers = set[[ImportsContextCustomizer@31ceba99 key = [org.springframework.boot.test.autoconfigure.web.servlet.MockMvcAutoConfiguration, org.springframework.boot.test.autoconfigure.web.servlet.MockMvcWebClientAutoConfiguration, org.springframework.boot.test.autoconfigure.web.servlet.MockMvcWebDriverAutoConfiguration, org.springframework.boot.autoconfigure.security.oauth2.client.servlet.OAuth2ClientAutoConfiguration, org.springframework.boot.autoconfigure.security.oauth2.resource.servlet.OAuth2ResourceServerAutoConfiguration, org.springframework.boot.autoconfigure.security.servlet.SecurityAutoConfiguration, org.springframework.boot.autoconfigure.security.servlet.SecurityFilterAutoConfiguration, org.springframework.boot.autoconfigure.security.servlet.UserDetailsServiceAutoConfiguration, org.springframework.boot.test.autoconfigure.web.servlet.MockMvcSecurityConfiguration]], org.springframework.boot.test.context.filter.ExcludeFilterContextCustomizer@13a37e2a, org.springframework.boot.test.json.DuplicateJsonObjectContextCustomizerFactory$DuplicateJsonObjectContextCustomizer@56de6d6b, org.springframework.boot.test.mock.mockito.MockitoContextCustomizer@0, org.springframework.boot.test.web.client.TestRestTemplateContextCustomizer@304a3655, org.springframework.boot.test.autoconfigure.actuate.metrics.MetricsExportContextCustomizerFactory$DisableMetricExportContextCustomizer@7578e06a, org.springframework.boot.test.autoconfigure.properties.PropertyMappingContextCustomizer@4b3fa0b3, org.springframework.boot.test.autoconfigure.web.servlet.WebDriverContextCustomizerFactory$Customizer@198ef2ce, org.springframework.boot.test.context.SpringBootTestArgs@1, org.springframework.boot.test.context.SpringBootTestWebEnvironment@ae3540e], resourceBasePath = 'src/main/webapp', contextLoader = 'org.springframework.boot.test.context.SpringBootContextLoader', parent = [null]], attributes = map['org.springframework.test.context.web.ServletTestExecutionListener.activateListener' -> false]], class annotated with @DirtiesContext [false] with mode [null].
09:35:07.576 [main] DEBUG org.springframework.test.context.support.DependencyInjectionTestExecutionListener - Performing dependency injection for test context [[DefaultTestContext@2af46afd testClass = RestAPITest, testInstance = periodtracker.rest.RestAPITest@66f5b8fe, testMethod = [null], testException = [null], mergedContextConfiguration = [WebMergedContextConfiguration@760245e1 testClass = RestAPITest, locations = '{}', classes = '{class periodtracker.rest.RestApplication, class periodtracker.rest.RestAPIController, class periodtracker.rest.PersonService}', contextInitializerClasses = '[]', activeProfiles = '{test}', propertySourceLocations = '{}', propertySourceProperties = '{org.springframework.boot.test.context.SpringBootTestContextBootstrapper=true, server.port=0}', contextCustomizers = set[[ImportsContextCustomizer@31ceba99 key = [org.springframework.boot.test.autoconfigure.web.servlet.MockMvcAutoConfiguration, org.springframework.boot.test.autoconfigure.web.servlet.MockMvcWebClientAutoConfiguration, org.springframework.boot.test.autoconfigure.web.servlet.MockMvcWebDriverAutoConfiguration, org.springframework.boot.autoconfigure.security.oauth2.client.servlet.OAuth2ClientAutoConfiguration, org.springframework.boot.autoconfigure.security.oauth2.resource.servlet.OAuth2ResourceServerAutoConfiguration, org.springframework.boot.autoconfigure.security.servlet.SecurityAutoConfiguration, org.springframework.boot.autoconfigure.security.servlet.SecurityFilterAutoConfiguration, org.springframework.boot.autoconfigure.security.servlet.UserDetailsServiceAutoConfiguration, org.springframework.boot.test.autoconfigure.web.servlet.MockMvcSecurityConfiguration]], org.springframework.boot.test.context.filter.ExcludeFilterContextCustomizer@13a37e2a, org.springframework.boot.test.json.DuplicateJsonObjectContextCustomizerFactory$DuplicateJsonObjectContextCustomizer@56de6d6b, org.springframework.boot.test.mock.mockito.MockitoContextCustomizer@0, org.springframework.boot.test.web.client.TestRestTemplateContextCustomizer@304a3655, org.springframework.boot.test.autoconfigure.actuate.metrics.MetricsExportContextCustomizerFactory$DisableMetricExportContextCustomizer@7578e06a, org.springframework.boot.test.autoconfigure.properties.PropertyMappingContextCustomizer@4b3fa0b3, org.springframework.boot.test.autoconfigure.web.servlet.WebDriverContextCustomizerFactory$Customizer@198ef2ce, org.springframework.boot.test.context.SpringBootTestArgs@1, org.springframework.boot.test.context.SpringBootTestWebEnvironment@ae3540e], resourceBasePath = 'src/main/webapp', contextLoader = 'org.springframework.boot.test.context.SpringBootContextLoader', parent = [null]], attributes = map['org.springframework.test.context.web.ServletTestExecutionListener.activateListener' -> false, 'org.springframework.test.context.event.ApplicationEventsTestExecutionListener.recordApplicationEvents' -> false]]].
09:35:07.594 [main] DEBUG org.springframework.core.env.StandardEnvironment - Activating profiles [test]
09:35:07.595 [main] DEBUG org.springframework.test.context.support.TestPropertySourceUtils - Adding inlined properties to environment: {spring.jmx.enabled=false, org.springframework.boot.test.context.SpringBootTestContextBootstrapper=true, server.port=0}

  .   ____          _            __ _ _
 /\\ / ___'_ __ _ _(_)_ __  __ _ \ \ \ \
( ( )\___ | '_ | '_| | '_ \/ _` | \ \ \ \
 \\/  ___)| |_)| | | | | || (_| |  ) ) ) )
  '  |____| .__|_| |_|_| |_\__, | / / / /
 =========|_|==============|___/=/_/_/_/
 :: Spring Boot ::                (v2.7.5)

2023-03-29 09:35:07.758  INFO 72401 --- [           main] periodtracker.rest.RestAPITest           : Starting RestAPITest using Java 17.0.1 on dhcp-10-24-0-140.wlan.ntnu.no with PID 72401 (started by fridaeriksennaess in /Users/fridaeriksennaess/Skole/H2022/KodingH22/ITprosjekt/Prosjekt/gr2214/periodtracker/rest)
2023-03-29 09:35:07.759  INFO 72401 --- [           main] periodtracker.rest.RestAPITest           : The following 1 profile is active: "test"
2023-03-29 09:35:08.283  INFO 72401 --- [           main] o.s.b.w.embedded.tomcat.TomcatWebServer  : Tomcat initialized with port(s): 0 (http)
2023-03-29 09:35:08.292  INFO 72401 --- [           main] o.apache.catalina.core.StandardService   : Starting service [Tomcat]
2023-03-29 09:35:08.292  INFO 72401 --- [           main] org.apache.catalina.core.StandardEngine  : Starting Servlet engine: [Apache Tomcat/9.0.68]
2023-03-29 09:35:08.350  INFO 72401 --- [           main] o.a.c.c.C.[Tomcat].[localhost].[/]       : Initializing Spring embedded WebApplicationContext
2023-03-29 09:35:08.350  INFO 72401 --- [           main] w.s.c.ServletWebServerApplicationContext : Root WebApplicationContext: initialization completed in 576 ms
2023-03-29 09:35:08.568  INFO 72401 --- [           main] o.a.c.c.C.[Tomcat].[localhost].[/]       : Initializing Spring TestDispatcherServlet ''
2023-03-29 09:35:08.569  INFO 72401 --- [           main] o.s.t.web.servlet.TestDispatcherServlet  : Initializing Servlet ''
2023-03-29 09:35:08.569  INFO 72401 --- [           main] o.s.t.web.servlet.TestDispatcherServlet  : Completed initialization in 0 ms
2023-03-29 09:35:08.597  INFO 72401 --- [           main] o.s.b.w.embedded.tomcat.TomcatWebServer  : Tomcat started on port(s): 62363 (http) with context path ''
2023-03-29 09:35:08.601  INFO 72401 --- [           main] periodtracker.rest.RestAPITest           : Started RestAPITest in 1.005 seconds (JVM running for 1.781)
Can not add this person.

MockHttpServletRequest:
      HTTP Method = GET
      Request URI = /getSymptoms/testPerson
       Parameters = {}
          Headers = []
             Body = null
    Session Attrs = {}

Handler:
             Type = periodtracker.rest.RestAPIController
           Method = periodtracker.rest.RestAPIController#getSymptoms(String)

Async:
    Async started = false
     Async result = null

Resolved Exception:
             Type = null

ModelAndView:
        View name = null
             View = null
            Model = null

FlashMap:
       Attributes = null

MockHttpServletResponse:
           Status = 200
    Error message = null
          Headers = [Content-Type:"application/json"]
     Content type = application/json
             Body = {"2022-04-04":["Cramps"]}
    Forwarded URL = null
   Redirected URL = null
          Cookies = []
]]></system-out>
  </testcase>
  <testcase name="removeSymptom" classname="periodtracker.rest.RestAPITest" time="0.014">
    <system-out><![CDATA[Can not add this person.
Can not add this person.

MockHttpServletRequest:
      HTTP Method = DELETE
      Request URI = /removeSymptom/testPerson/2022-04-04/Cramps
       Parameters = {}
          Headers = []
             Body = null
    Session Attrs = {}

Handler:
             Type = periodtracker.rest.RestAPIController
           Method = periodtracker.rest.RestAPIController#removeSymptom(String, String)

Async:
    Async started = false
     Async result = null

Resolved Exception:
             Type = null

ModelAndView:
        View name = null
             View = null
            Model = null

FlashMap:
       Attributes = null

MockHttpServletResponse:
           Status = 200
    Error message = null
          Headers = []
     Content type = null
             Body = 
    Forwarded URL = null
   Redirected URL = null
          Cookies = []
]]></system-out>
  </testcase>
  <testcase name="testAddSymptoms" classname="periodtracker.rest.RestAPITest" time="0.008">
    <system-out><![CDATA[Can not add this person.
]]></system-out>
  </testcase>
  <testcase name="testAddPerson" classname="periodtracker.rest.RestAPITest" time="0.004">
    <system-out><![CDATA[Can not add this person.
Can not add this person.
]]></system-out>
  </testcase>
  <testcase name="testGetPerson" classname="periodtracker.rest.RestAPITest" time="0.005">
    <system-out><![CDATA[Can not add this person.

MockHttpServletRequest:
      HTTP Method = GET
      Request URI = /getPerson/testPerson
       Parameters = {}
          Headers = []
             Body = null
    Session Attrs = {}

Handler:
             Type = periodtracker.rest.RestAPIController
           Method = periodtracker.rest.RestAPIController#getPerson(String)

Async:
    Async started = false
     Async result = null

Resolved Exception:
             Type = null

ModelAndView:
        View name = null
             View = null
            Model = null

FlashMap:
       Attributes = null

MockHttpServletResponse:
           Status = 200
    Error message = null
          Headers = [Content-Type:"application/json"]
     Content type = application/json
             Body = {"name":"testPerson","age":24,"symptomMap":{"2022-04-04":["Cramps"]}}
    Forwarded URL = null
   Redirected URL = null
          Cookies = []
]]></system-out>
  </testcase>
  <testcase name="getSymptomsOnDay" classname="periodtracker.rest.RestAPITest" time="0.008">
    <system-out><![CDATA[Can not add this person.

MockHttpServletRequest:
      HTTP Method = GET
      Request URI = /getSymptomsOnDay/testPerson/2022-04-04
       Parameters = {}
          Headers = []
             Body = null
    Session Attrs = {}

Handler:
             Type = periodtracker.rest.RestAPIController
           Method = periodtracker.rest.RestAPIController#getSymptomsOnDay(String, String)

Async:
    Async started = false
     Async result = null

Resolved Exception:
             Type = null

ModelAndView:
        View name = null
             View = null
            Model = null

FlashMap:
       Attributes = null

MockHttpServletResponse:
           Status = 200
    Error message = null
          Headers = [Content-Type:"application/json"]
     Content type = application/json
             Body = ["Cramps"]
    Forwarded URL = null
   Redirected URL = null
          Cookies = []
]]></system-out>
  </testcase>
</testsuite>