<?xml version="1.0" encoding="UTF-8"?>
<testsuite xmlns:xsi="http://www.w3.org/2001/XMLSchema-instance" xsi:noNamespaceSchemaLocation="https://maven.apache.org/surefire/maven-surefire-plugin/xsd/surefire-test-report-3.0.xsd" version="3.0" name="periodtracker.ui.LoginControllerTest" time="8.125" tests="5" errors="0" skipped="0" failures="0">
  <properties>
    <property name="java.specification.version" value="17"/>
    <property name="javafx.runtime.version" value="19+11"/>
    <property name="sun.jnu.encoding" value="UTF-8"/>
    <property name="java.class.path" value="/Users/fridaeriksennaess/Skole/H2022/KodingH22/ITprosjekt/Prosjekt/gr2214/periodtracker/ui/target/test-classes:/Users/fridaeriksennaess/.m2/repository/org/springframework/boot/spring-boot-starter-web/2.7.5/spring-boot-starter-web-2.7.5.jar:/Users/fridaeriksennaess/.m2/repository/org/springframework/boot/spring-boot-starter-json/2.7.5/spring-boot-starter-json-2.7.5.jar:/Users/fridaeriksennaess/.m2/repository/com/fasterxml/jackson/datatype/jackson-datatype-jdk8/2.13.4/jackson-datatype-jdk8-2.13.4.jar:/Users/fridaeriksennaess/.m2/repository/com/fasterxml/jackson/datatype/jackson-datatype-jsr310/2.13.4/jackson-datatype-jsr310-2.13.4.jar:/Users/fridaeriksennaess/.m2/repository/com/fasterxml/jackson/module/jackson-module-parameter-names/2.13.4/jackson-module-parameter-names-2.13.4.jar:/Users/fridaeriksennaess/.m2/repository/org/springframework/boot/spring-boot-starter-tomcat/2.7.5/spring-boot-starter-tomcat-2.7.5.jar:/Users/fridaeriksennaess/.m2/repository/org/apache/tomcat/embed/tomcat-embed-core/9.0.68/tomcat-embed-core-9.0.68.jar:/Users/fridaeriksennaess/.m2/repository/org/apache/tomcat/embed/tomcat-embed-el/9.0.68/tomcat-embed-el-9.0.68.jar:/Users/fridaeriksennaess/.m2/repository/org/apache/tomcat/embed/tomcat-embed-websocket/9.0.68/tomcat-embed-websocket-9.0.68.jar:/Users/fridaeriksennaess/.m2/repository/org/springframework/spring-webmvc/5.3.23/spring-webmvc-5.3.23.jar:/Users/fridaeriksennaess/.m2/repository/org/springframework/spring-aop/5.3.23/spring-aop-5.3.23.jar:/Users/fridaeriksennaess/.m2/repository/org/springframework/spring-expression/5.3.23/spring-expression-5.3.23.jar:/Users/fridaeriksennaess/.m2/repository/org/springframework/boot/spring-boot-starter-jetty/2.4.4/spring-boot-starter-jetty-2.4.4.jar:/Users/fridaeriksennaess/.m2/repository/jakarta/servlet/jakarta.servlet-api/4.0.4/jakarta.servlet-api-4.0.4.jar:/Users/fridaeriksennaess/.m2/repository/jakarta/websocket/jakarta.websocket-api/1.1.2/jakarta.websocket-api-1.1.2.jar:/Users/fridaeriksennaess/.m2/repository/org/eclipse/jetty/jetty-servlets/9.4.38.v20210224/jetty-servlets-9.4.38.v20210224.jar:/Users/fridaeriksennaess/.m2/repository/org/eclipse/jetty/jetty-continuation/9.4.38.v20210224/jetty-continuation-9.4.38.v20210224.jar:/Users/fridaeriksennaess/.m2/repository/org/eclipse/jetty/jetty-http/9.4.38.v20210224/jetty-http-9.4.38.v20210224.jar:/Users/fridaeriksennaess/.m2/repository/org/eclipse/jetty/jetty-util/9.4.38.v20210224/jetty-util-9.4.38.v20210224.jar:/Users/fridaeriksennaess/.m2/repository/org/eclipse/jetty/jetty-io/9.4.38.v20210224/jetty-io-9.4.38.v20210224.jar:/Users/fridaeriksennaess/.m2/repository/org/eclipse/jetty/jetty-webapp/9.4.38.v20210224/jetty-webapp-9.4.38.v20210224.jar:/Users/fridaeriksennaess/.m2/repository/org/eclipse/jetty/jetty-xml/9.4.38.v20210224/jetty-xml-9.4.38.v20210224.jar:/Users/fridaeriksennaess/.m2/repository/org/eclipse/jetty/jetty-servlet/9.4.38.v20210224/jetty-servlet-9.4.38.v20210224.jar:/Users/fridaeriksennaess/.m2/repository/org/eclipse/jetty/jetty-security/9.4.38.v20210224/jetty-security-9.4.38.v20210224.jar:/Users/fridaeriksennaess/.m2/repository/org/eclipse/jetty/jetty-server/9.4.38.v20210224/jetty-server-9.4.38.v20210224.jar:/Users/fridaeriksennaess/.m2/repository/org/eclipse/jetty/jetty-util-ajax/9.4.38.v20210224/jetty-util-ajax-9.4.38.v20210224.jar:/Users/fridaeriksennaess/.m2/repository/org/eclipse/jetty/websocket/websocket-server/9.4.38.v20210224/websocket-server-9.4.38.v20210224.jar:/Users/fridaeriksennaess/.m2/repository/org/eclipse/jetty/websocket/websocket-common/9.4.38.v20210224/websocket-common-9.4.38.v20210224.jar:/Users/fridaeriksennaess/.m2/repository/org/eclipse/jetty/websocket/websocket-api/9.4.38.v20210224/websocket-api-9.4.38.v20210224.jar:/Users/fridaeriksennaess/.m2/repository/org/eclipse/jetty/websocket/websocket-client/9.4.38.v20210224/websocket-client-9.4.38.v20210224.jar:/Users/fridaeriksennaess/.m2/repository/org/eclipse/jetty/jetty-client/9.4.38.v20210224/jetty-client-9.4.38.v20210224.jar:/Users/fridaeriksennaess/.m2/repository/org/eclipse/jetty/websocket/websocket-servlet/9.4.38.v20210224/websocket-servlet-9.4.38.v20210224.jar:/Users/fridaeriksennaess/.m2/repository/org/eclipse/jetty/websocket/javax-websocket-server-impl/9.4.38.v20210224/javax-websocket-server-impl-9.4.38.v20210224.jar:/Users/fridaeriksennaess/.m2/repository/org/eclipse/jetty/jetty-annotations/9.4.38.v20210224/jetty-annotations-9.4.38.v20210224.jar:/Users/fridaeriksennaess/.m2/repository/org/eclipse/jetty/jetty-plus/9.4.38.v20210224/jetty-plus-9.4.38.v20210224.jar:/Users/fridaeriksennaess/.m2/repository/org/ow2/asm/asm/9.0/asm-9.0.jar:/Users/fridaeriksennaess/.m2/repository/org/ow2/asm/asm-commons/9.0/asm-commons-9.0.jar:/Users/fridaeriksennaess/.m2/repository/org/ow2/asm/asm-tree/9.0/asm-tree-9.0.jar:/Users/fridaeriksennaess/.m2/repository/org/ow2/asm/asm-analysis/9.0/asm-analysis-9.0.jar:/Users/fridaeriksennaess/.m2/repository/org/eclipse/jetty/websocket/javax-websocket-client-impl/9.4.38.v20210224/javax-websocket-client-impl-9.4.38.v20210224.jar:/Users/fridaeriksennaess/.m2/repository/org/glassfish/jakarta.el/3.0.3/jakarta.el-3.0.3.jar:/Users/fridaeriksennaess/.m2/repository/org/springframework/boot/spring-boot-starter/2.7.5/spring-boot-starter-2.7.5.jar:/Users/fridaeriksennaess/.m2/repository/org/springframework/boot/spring-boot-starter-logging/2.7.5/spring-boot-starter-logging-2.7.5.jar:/Users/fridaeriksennaess/.m2/repository/ch/qos/logback/logback-classic/1.2.11/logback-classic-1.2.11.jar:/Users/fridaeriksennaess/.m2/repository/ch/qos/logback/logback-core/1.2.11/logback-core-1.2.11.jar:/Users/fridaeriksennaess/.m2/repository/org/apache/logging/log4j/log4j-to-slf4j/2.17.2/log4j-to-slf4j-2.17.2.jar:/Users/fridaeriksennaess/.m2/repository/org/apache/logging/log4j/log4j-api/2.17.2/log4j-api-2.17.2.jar:/Users/fridaeriksennaess/.m2/repository/org/slf4j/jul-to-slf4j/1.7.36/jul-to-slf4j-1.7.36.jar:/Users/fridaeriksennaess/.m2/repository/jakarta/annotation/jakarta.annotation-api/1.3.5/jakarta.annotation-api-1.3.5.jar:/Users/fridaeriksennaess/.m2/repository/org/springframework/spring-core/5.3.23/spring-core-5.3.23.jar:/Users/fridaeriksennaess/.m2/repository/org/springframework/spring-jcl/5.3.23/spring-jcl-5.3.23.jar:/Users/fridaeriksennaess/.m2/repository/org/yaml/snakeyaml/1.30/snakeyaml-1.30.jar:/Users/fridaeriksennaess/.m2/repository/org/springframework/boot/spring-boot-devtools/2.7.5/spring-boot-devtools-2.7.5.jar:/Users/fridaeriksennaess/.m2/repository/com/jayway/jsonpath/json-path/2.7.0/json-path-2.7.0.jar:/Users/fridaeriksennaess/.m2/repository/net/minidev/json-smart/2.4.7/json-smart-2.4.7.jar:/Users/fridaeriksennaess/.m2/repository/net/minidev/accessors-smart/2.4.7/accessors-smart-2.4.7.jar:/Users/fridaeriksennaess/.m2/repository/org/slf4j/slf4j-api/1.7.33/slf4j-api-1.7.33.jar:/Users/fridaeriksennaess/.m2/repository/org/openjfx/javafx-controls/19/javafx-controls-19.jar:/Users/fridaeriksennaess/.m2/repository/org/openjfx/javafx-graphics/19/javafx-graphics-19.jar:/Users/fridaeriksennaess/.m2/repository/org/openjfx/javafx-base/19/javafx-base-19.jar:/Users/fridaeriksennaess/.m2/repository/org/openjfx/javafx-fxml/19/javafx-fxml-19.jar:/Users/fridaeriksennaess/.m2/repository/org/junit/jupiter/junit-jupiter-api/5.7.2/junit-jupiter-api-5.7.2.jar:/Users/fridaeriksennaess/.m2/repository/org/apiguardian/apiguardian-api/1.1.0/apiguardian-api-1.1.0.jar:/Users/fridaeriksennaess/.m2/repository/org/opentest4j/opentest4j/1.2.0/opentest4j-1.2.0.jar:/Users/fridaeriksennaess/.m2/repository/org/junit/platform/junit-platform-commons/1.7.2/junit-platform-commons-1.7.2.jar:/Users/fridaeriksennaess/.m2/repository/org/junit/jupiter/junit-jupiter-engine/5.7.2/junit-jupiter-engine-5.7.2.jar:/Users/fridaeriksennaess/.m2/repository/org/junit/platform/junit-platform-engine/1.7.2/junit-platform-engine-1.7.2.jar:/Users/fridaeriksennaess/.m2/repository/org/junit/jupiter/junit-jupiter-params/5.7.2/junit-jupiter-params-5.7.2.jar:/Users/fridaeriksennaess/.m2/repository/org/testfx/testfx-core/4.0.16-alpha/testfx-core-4.0.16-alpha.jar:/Users/fridaeriksennaess/.m2/repository/org/hamcrest/hamcrest-core/1.3/hamcrest-core-1.3.jar:/Users/fridaeriksennaess/.m2/repository/org/assertj/assertj-core/3.13.2/assertj-core-3.13.2.jar:/Users/fridaeriksennaess/.m2/repository/org/testfx/testfx-junit5/4.0.16-alpha/testfx-junit5-4.0.16-alpha.jar:/Users/fridaeriksennaess/.m2/repository/org/hamcrest/hamcrest/2.2/hamcrest-2.2.jar:"/>
    <property name="java.vm.vendor" value="Eclipse Adoptium"/>
    <property name="sun.arch.data.model" value="64"/>
    <property name="java.vendor.url" value="https://adoptium.net/"/>
    <property name="user.timezone" value="Europe/Oslo"/>
    <property name="javafx.version" value="19"/>
    <property name="os.name" value="Mac OS X"/>
    <property name="java.vm.specification.version" value="17"/>
    <property name="sun.java.launcher" value="SUN_STANDARD"/>
    <property name="user.country" value="NO"/>
    <property name="sun.boot.library.path" value="/Users/fridaeriksennaess/.sdkman/candidates/java/17.0.1-tem/lib"/>
    <property name="sun.java.command" value="org.apache.maven.surefire.booter.ForkedBooter /Users/fridaeriksennaess/Skole/H2022/KodingH22/ITprosjekt/Prosjekt/gr2214/periodtracker/ui/target/surefire 2023-03-29T09-35-04_137-jvmRun1 surefire403881958806382906tmp surefire_213351199421429009453tmp"/>
    <property name="http.nonProxyHosts" value="local|*.local|169.254/16|*.169.254/16"/>
    <property name="jdk.debug" value="release"/>
    <property name="surefire.test.class.path" value="/Users/fridaeriksennaess/Skole/H2022/KodingH22/ITprosjekt/Prosjekt/gr2214/periodtracker/ui/target/test-classes:/Users/fridaeriksennaess/.m2/repository/org/springframework/boot/spring-boot-starter-web/2.7.5/spring-boot-starter-web-2.7.5.jar:/Users/fridaeriksennaess/.m2/repository/org/springframework/boot/spring-boot-starter-json/2.7.5/spring-boot-starter-json-2.7.5.jar:/Users/fridaeriksennaess/.m2/repository/com/fasterxml/jackson/datatype/jackson-datatype-jdk8/2.13.4/jackson-datatype-jdk8-2.13.4.jar:/Users/fridaeriksennaess/.m2/repository/com/fasterxml/jackson/datatype/jackson-datatype-jsr310/2.13.4/jackson-datatype-jsr310-2.13.4.jar:/Users/fridaeriksennaess/.m2/repository/com/fasterxml/jackson/module/jackson-module-parameter-names/2.13.4/jackson-module-parameter-names-2.13.4.jar:/Users/fridaeriksennaess/.m2/repository/org/springframework/boot/spring-boot-starter-tomcat/2.7.5/spring-boot-starter-tomcat-2.7.5.jar:/Users/fridaeriksennaess/.m2/repository/org/apache/tomcat/embed/tomcat-embed-core/9.0.68/tomcat-embed-core-9.0.68.jar:/Users/fridaeriksennaess/.m2/repository/org/apache/tomcat/embed/tomcat-embed-el/9.0.68/tomcat-embed-el-9.0.68.jar:/Users/fridaeriksennaess/.m2/repository/org/apache/tomcat/embed/tomcat-embed-websocket/9.0.68/tomcat-embed-websocket-9.0.68.jar:/Users/fridaeriksennaess/.m2/repository/org/springframework/spring-webmvc/5.3.23/spring-webmvc-5.3.23.jar:/Users/fridaeriksennaess/.m2/repository/org/springframework/spring-aop/5.3.23/spring-aop-5.3.23.jar:/Users/fridaeriksennaess/.m2/repository/org/springframework/spring-expression/5.3.23/spring-expression-5.3.23.jar:/Users/fridaeriksennaess/.m2/repository/org/springframework/boot/spring-boot-starter-jetty/2.4.4/spring-boot-starter-jetty-2.4.4.jar:/Users/fridaeriksennaess/.m2/repository/jakarta/servlet/jakarta.servlet-api/4.0.4/jakarta.servlet-api-4.0.4.jar:/Users/fridaeriksennaess/.m2/repository/jakarta/websocket/jakarta.websocket-api/1.1.2/jakarta.websocket-api-1.1.2.jar:/Users/fridaeriksennaess/.m2/repository/org/eclipse/jetty/jetty-servlets/9.4.38.v20210224/jetty-servlets-9.4.38.v20210224.jar:/Users/fridaeriksennaess/.m2/repository/org/eclipse/jetty/jetty-continuation/9.4.38.v20210224/jetty-continuation-9.4.38.v20210224.jar:/Users/fridaeriksennaess/.m2/repository/org/eclipse/jetty/jetty-http/9.4.38.v20210224/jetty-http-9.4.38.v20210224.jar:/Users/fridaeriksennaess/.m2/repository/org/eclipse/jetty/jetty-util/9.4.38.v20210224/jetty-util-9.4.38.v20210224.jar:/Users/fridaeriksennaess/.m2/repository/org/eclipse/jetty/jetty-io/9.4.38.v20210224/jetty-io-9.4.38.v20210224.jar:/Users/fridaeriksennaess/.m2/repository/org/eclipse/jetty/jetty-webapp/9.4.38.v20210224/jetty-webapp-9.4.38.v20210224.jar:/Users/fridaeriksennaess/.m2/repository/org/eclipse/jetty/jetty-xml/9.4.38.v20210224/jetty-xml-9.4.38.v20210224.jar:/Users/fridaeriksennaess/.m2/repository/org/eclipse/jetty/jetty-servlet/9.4.38.v20210224/jetty-servlet-9.4.38.v20210224.jar:/Users/fridaeriksennaess/.m2/repository/org/eclipse/jetty/jetty-security/9.4.38.v20210224/jetty-security-9.4.38.v20210224.jar:/Users/fridaeriksennaess/.m2/repository/org/eclipse/jetty/jetty-server/9.4.38.v20210224/jetty-server-9.4.38.v20210224.jar:/Users/fridaeriksennaess/.m2/repository/org/eclipse/jetty/jetty-util-ajax/9.4.38.v20210224/jetty-util-ajax-9.4.38.v20210224.jar:/Users/fridaeriksennaess/.m2/repository/org/eclipse/jetty/websocket/websocket-server/9.4.38.v20210224/websocket-server-9.4.38.v20210224.jar:/Users/fridaeriksennaess/.m2/repository/org/eclipse/jetty/websocket/websocket-common/9.4.38.v20210224/websocket-common-9.4.38.v20210224.jar:/Users/fridaeriksennaess/.m2/repository/org/eclipse/jetty/websocket/websocket-api/9.4.38.v20210224/websocket-api-9.4.38.v20210224.jar:/Users/fridaeriksennaess/.m2/repository/org/eclipse/jetty/websocket/websocket-client/9.4.38.v20210224/websocket-client-9.4.38.v20210224.jar:/Users/fridaeriksennaess/.m2/repository/org/eclipse/jetty/jetty-client/9.4.38.v20210224/jetty-client-9.4.38.v20210224.jar:/Users/fridaeriksennaess/.m2/repository/org/eclipse/jetty/websocket/websocket-servlet/9.4.38.v20210224/websocket-servlet-9.4.38.v20210224.jar:/Users/fridaeriksennaess/.m2/repository/org/eclipse/jetty/websocket/javax-websocket-server-impl/9.4.38.v20210224/javax-websocket-server-impl-9.4.38.v20210224.jar:/Users/fridaeriksennaess/.m2/repository/org/eclipse/jetty/jetty-annotations/9.4.38.v20210224/jetty-annotations-9.4.38.v20210224.jar:/Users/fridaeriksennaess/.m2/repository/org/eclipse/jetty/jetty-plus/9.4.38.v20210224/jetty-plus-9.4.38.v20210224.jar:/Users/fridaeriksennaess/.m2/repository/org/ow2/asm/asm/9.0/asm-9.0.jar:/Users/fridaeriksennaess/.m2/repository/org/ow2/asm/asm-commons/9.0/asm-commons-9.0.jar:/Users/fridaeriksennaess/.m2/repository/org/ow2/asm/asm-tree/9.0/asm-tree-9.0.jar:/Users/fridaeriksennaess/.m2/repository/org/ow2/asm/asm-analysis/9.0/asm-analysis-9.0.jar:/Users/fridaeriksennaess/.m2/repository/org/eclipse/jetty/websocket/javax-websocket-client-impl/9.4.38.v20210224/javax-websocket-client-impl-9.4.38.v20210224.jar:/Users/fridaeriksennaess/.m2/repository/org/glassfish/jakarta.el/3.0.3/jakarta.el-3.0.3.jar:/Users/fridaeriksennaess/.m2/repository/org/springframework/boot/spring-boot-starter/2.7.5/spring-boot-starter-2.7.5.jar:/Users/fridaeriksennaess/.m2/repository/org/springframework/boot/spring-boot-starter-logging/2.7.5/spring-boot-starter-logging-2.7.5.jar:/Users/fridaeriksennaess/.m2/repository/ch/qos/logback/logback-classic/1.2.11/logback-classic-1.2.11.jar:/Users/fridaeriksennaess/.m2/repository/ch/qos/logback/logback-core/1.2.11/logback-core-1.2.11.jar:/Users/fridaeriksennaess/.m2/repository/org/apache/logging/log4j/log4j-to-slf4j/2.17.2/log4j-to-slf4j-2.17.2.jar:/Users/fridaeriksennaess/.m2/repository/org/apache/logging/log4j/log4j-api/2.17.2/log4j-api-2.17.2.jar:/Users/fridaeriksennaess/.m2/repository/org/slf4j/jul-to-slf4j/1.7.36/jul-to-slf4j-1.7.36.jar:/Users/fridaeriksennaess/.m2/repository/jakarta/annotation/jakarta.annotation-api/1.3.5/jakarta.annotation-api-1.3.5.jar:/Users/fridaeriksennaess/.m2/repository/org/springframework/spring-core/5.3.23/spring-core-5.3.23.jar:/Users/fridaeriksennaess/.m2/repository/org/springframework/spring-jcl/5.3.23/spring-jcl-5.3.23.jar:/Users/fridaeriksennaess/.m2/repository/org/yaml/snakeyaml/1.30/snakeyaml-1.30.jar:/Users/fridaeriksennaess/.m2/repository/org/springframework/boot/spring-boot-devtools/2.7.5/spring-boot-devtools-2.7.5.jar:/Users/fridaeriksennaess/.m2/repository/com/jayway/jsonpath/json-path/2.7.0/json-path-2.7.0.jar:/Users/fridaeriksennaess/.m2/repository/net/minidev/json-smart/2.4.7/json-smart-2.4.7.jar:/Users/fridaeriksennaess/.m2/repository/net/minidev/accessors-smart/2.4.7/accessors-smart-2.4.7.jar:/Users/fridaeriksennaess/.m2/repository/org/slf4j/slf4j-api/1.7.33/slf4j-api-1.7.33.jar:/Users/fridaeriksennaess/.m2/repository/org/openjfx/javafx-controls/19/javafx-controls-19.jar:/Users/fridaeriksennaess/.m2/repository/org/openjfx/javafx-graphics/19/javafx-graphics-19.jar:/Users/fridaeriksennaess/.m2/repository/org/openjfx/javafx-base/19/javafx-base-19.jar:/Users/fridaeriksennaess/.m2/repository/org/openjfx/javafx-fxml/19/javafx-fxml-19.jar:/Users/fridaeriksennaess/.m2/repository/org/junit/jupiter/junit-jupiter-api/5.7.2/junit-jupiter-api-5.7.2.jar:/Users/fridaeriksennaess/.m2/repository/org/apiguardian/apiguardian-api/1.1.0/apiguardian-api-1.1.0.jar:/Users/fridaeriksennaess/.m2/repository/org/opentest4j/opentest4j/1.2.0/opentest4j-1.2.0.jar:/Users/fridaeriksennaess/.m2/repository/org/junit/platform/junit-platform-commons/1.7.2/junit-platform-commons-1.7.2.jar:/Users/fridaeriksennaess/.m2/repository/org/junit/jupiter/junit-jupiter-engine/5.7.2/junit-jupiter-engine-5.7.2.jar:/Users/fridaeriksennaess/.m2/repository/org/junit/platform/junit-platform-engine/1.7.2/junit-platform-engine-1.7.2.jar:/Users/fridaeriksennaess/.m2/repository/org/junit/jupiter/junit-jupiter-params/5.7.2/junit-jupiter-params-5.7.2.jar:/Users/fridaeriksennaess/.m2/repository/org/testfx/testfx-core/4.0.16-alpha/testfx-core-4.0.16-alpha.jar:/Users/fridaeriksennaess/.m2/repository/org/hamcrest/hamcrest-core/1.3/hamcrest-core-1.3.jar:/Users/fridaeriksennaess/.m2/repository/org/assertj/assertj-core/3.13.2/assertj-core-3.13.2.jar:/Users/fridaeriksennaess/.m2/repository/org/testfx/testfx-junit5/4.0.16-alpha/testfx-junit5-4.0.16-alpha.jar:/Users/fridaeriksennaess/.m2/repository/org/hamcrest/hamcrest/2.2/hamcrest-2.2.jar:"/>
    <property name="sun.cpu.endian" value="little"/>
    <property name="user.home" value="/Users/fridaeriksennaess"/>
    <property name="user.language" value="nb"/>
    <property name="java.specification.vendor" value="Oracle Corporation"/>
    <property name="jdk.module.path" value="/Users/fridaeriksennaess/Skole/H2022/KodingH22/ITprosjekt/Prosjekt/gr2214/periodtracker/ui/target/classes:/Users/fridaeriksennaess/Skole/H2022/KodingH22/ITprosjekt/Prosjekt/gr2214/periodtracker/core/target/core-0.0.1-SNAPSHOT.jar:/Users/fridaeriksennaess/.m2/repository/com/fasterxml/jackson/core/jackson-databind/2.13.3/jackson-databind-2.13.3.jar:/Users/fridaeriksennaess/.m2/repository/com/fasterxml/jackson/core/jackson-annotations/2.13.3/jackson-annotations-2.13.3.jar:/Users/fridaeriksennaess/.m2/repository/com/fasterxml/jackson/core/jackson-core/2.13.3/jackson-core-2.13.3.jar:/Users/fridaeriksennaess/Skole/H2022/KodingH22/ITprosjekt/Prosjekt/gr2214/periodtracker/rest/target/rest-0.0.1-SNAPSHOT.jar:/Users/fridaeriksennaess/Skole/H2022/KodingH22/ITprosjekt/Prosjekt/gr2214/periodtracker/storage/target/storage-0.0.1-SNAPSHOT.jar:/Users/fridaeriksennaess/.m2/repository/org/springframework/spring-web/5.3.23/spring-web-5.3.23.jar:/Users/fridaeriksennaess/.m2/repository/org/springframework/spring-beans/5.3.23/spring-beans-5.3.23.jar:/Users/fridaeriksennaess/.m2/repository/org/springframework/spring-context/5.3.23/spring-context-5.3.23.jar:/Users/fridaeriksennaess/.m2/repository/org/springframework/boot/spring-boot/2.7.5/spring-boot-2.7.5.jar:/Users/fridaeriksennaess/.m2/repository/org/springframework/boot/spring-boot-autoconfigure/2.7.5/spring-boot-autoconfigure-2.7.5.jar:/Users/fridaeriksennaess/.m2/repository/org/openjfx/javafx-controls/19/javafx-controls-19-mac-aarch64.jar:/Users/fridaeriksennaess/.m2/repository/org/openjfx/javafx-graphics/19/javafx-graphics-19-mac-aarch64.jar:/Users/fridaeriksennaess/.m2/repository/org/openjfx/javafx-base/19/javafx-base-19-mac-aarch64.jar:/Users/fridaeriksennaess/.m2/repository/org/openjfx/javafx-fxml/19/javafx-fxml-19-mac-aarch64.jar"/>
    <property name="java.version.date" value="2021-10-19"/>
    <property name="java.home" value="/Users/fridaeriksennaess/.sdkman/candidates/java/17.0.1-tem"/>
    <property name="file.separator" value="/"/>
    <property name="basedir" value="/Users/fridaeriksennaess/Skole/H2022/KodingH22/ITprosjekt/Prosjekt/gr2214/periodtracker/ui"/>
    <property name="java.vm.compressedOopsMode" value="Zero based"/>
    <property name="line.separator" value="&#10;"/>
    <property name="java.vm.specification.vendor" value="Oracle Corporation"/>
    <property name="java.specification.name" value="Java Platform API Specification"/>
    <property name="surefire.real.class.path" value="/Users/fridaeriksennaess/.m2/repository/org/apache/maven/surefire/surefire-booter/3.0.0-M5/surefire-booter-3.0.0-M5.jar:/Users/fridaeriksennaess/.m2/repository/org/apache/maven/surefire/surefire-api/3.0.0-M5/surefire-api-3.0.0-M5.jar:/Users/fridaeriksennaess/.m2/repository/org/apache/maven/surefire/surefire-logger-api/3.0.0-M5/surefire-logger-api-3.0.0-M5.jar:/Users/fridaeriksennaess/.m2/repository/org/apache/maven/surefire/surefire-shared-utils/3.0.0-M4/surefire-shared-utils-3.0.0-M4.jar:/Users/fridaeriksennaess/.m2/repository/org/apache/maven/surefire/surefire-extensions-spi/3.0.0-M5/surefire-extensions-spi-3.0.0-M5.jar:/Users/fridaeriksennaess/Skole/H2022/KodingH22/ITprosjekt/Prosjekt/gr2214/periodtracker/ui/target/test-classes:/Users/fridaeriksennaess/.m2/repository/org/springframework/boot/spring-boot-starter-web/2.7.5/spring-boot-starter-web-2.7.5.jar:/Users/fridaeriksennaess/.m2/repository/org/springframework/boot/spring-boot-starter-json/2.7.5/spring-boot-starter-json-2.7.5.jar:/Users/fridaeriksennaess/.m2/repository/com/fasterxml/jackson/datatype/jackson-datatype-jdk8/2.13.4/jackson-datatype-jdk8-2.13.4.jar:/Users/fridaeriksennaess/.m2/repository/com/fasterxml/jackson/datatype/jackson-datatype-jsr310/2.13.4/jackson-datatype-jsr310-2.13.4.jar:/Users/fridaeriksennaess/.m2/repository/com/fasterxml/jackson/module/jackson-module-parameter-names/2.13.4/jackson-module-parameter-names-2.13.4.jar:/Users/fridaeriksennaess/.m2/repository/org/springframework/boot/spring-boot-starter-tomcat/2.7.5/spring-boot-starter-tomcat-2.7.5.jar:/Users/fridaeriksennaess/.m2/repository/org/apache/tomcat/embed/tomcat-embed-core/9.0.68/tomcat-embed-core-9.0.68.jar:/Users/fridaeriksennaess/.m2/repository/org/apache/tomcat/embed/tomcat-embed-el/9.0.68/tomcat-embed-el-9.0.68.jar:/Users/fridaeriksennaess/.m2/repository/org/apache/tomcat/embed/tomcat-embed-websocket/9.0.68/tomcat-embed-websocket-9.0.68.jar:/Users/fridaeriksennaess/.m2/repository/org/springframework/spring-webmvc/5.3.23/spring-webmvc-5.3.23.jar:/Users/fridaeriksennaess/.m2/repository/org/springframework/spring-aop/5.3.23/spring-aop-5.3.23.jar:/Users/fridaeriksennaess/.m2/repository/org/springframework/spring-expression/5.3.23/spring-expression-5.3.23.jar:/Users/fridaeriksennaess/.m2/repository/org/springframework/boot/spring-boot-starter-jetty/2.4.4/spring-boot-starter-jetty-2.4.4.jar:/Users/fridaeriksennaess/.m2/repository/jakarta/servlet/jakarta.servlet-api/4.0.4/jakarta.servlet-api-4.0.4.jar:/Users/fridaeriksennaess/.m2/repository/jakarta/websocket/jakarta.websocket-api/1.1.2/jakarta.websocket-api-1.1.2.jar:/Users/fridaeriksennaess/.m2/repository/org/eclipse/jetty/jetty-servlets/9.4.38.v20210224/jetty-servlets-9.4.38.v20210224.jar:/Users/fridaeriksennaess/.m2/repository/org/eclipse/jetty/jetty-continuation/9.4.38.v20210224/jetty-continuation-9.4.38.v20210224.jar:/Users/fridaeriksennaess/.m2/repository/org/eclipse/jetty/jetty-http/9.4.38.v20210224/jetty-http-9.4.38.v20210224.jar:/Users/fridaeriksennaess/.m2/repository/org/eclipse/jetty/jetty-util/9.4.38.v20210224/jetty-util-9.4.38.v20210224.jar:/Users/fridaeriksennaess/.m2/repository/org/eclipse/jetty/jetty-io/9.4.38.v20210224/jetty-io-9.4.38.v20210224.jar:/Users/fridaeriksennaess/.m2/repository/org/eclipse/jetty/jetty-webapp/9.4.38.v20210224/jetty-webapp-9.4.38.v20210224.jar:/Users/fridaeriksennaess/.m2/repository/org/eclipse/jetty/jetty-xml/9.4.38.v20210224/jetty-xml-9.4.38.v20210224.jar:/Users/fridaeriksennaess/.m2/repository/org/eclipse/jetty/jetty-servlet/9.4.38.v20210224/jetty-servlet-9.4.38.v20210224.jar:/Users/fridaeriksennaess/.m2/repository/org/eclipse/jetty/jetty-security/9.4.38.v20210224/jetty-security-9.4.38.v20210224.jar:/Users/fridaeriksennaess/.m2/repository/org/eclipse/jetty/jetty-server/9.4.38.v20210224/jetty-server-9.4.38.v20210224.jar:/Users/fridaeriksennaess/.m2/repository/org/eclipse/jetty/jetty-util-ajax/9.4.38.v20210224/jetty-util-ajax-9.4.38.v20210224.jar:/Users/fridaeriksennaess/.m2/repository/org/eclipse/jetty/websocket/websocket-server/9.4.38.v20210224/websocket-server-9.4.38.v20210224.jar:/Users/fridaeriksennaess/.m2/repository/org/eclipse/jetty/websocket/websocket-common/9.4.38.v20210224/websocket-common-9.4.38.v20210224.jar:/Users/fridaeriksennaess/.m2/repository/org/eclipse/jetty/websocket/websocket-api/9.4.38.v20210224/websocket-api-9.4.38.v20210224.jar:/Users/fridaeriksennaess/.m2/repository/org/eclipse/jetty/websocket/websocket-client/9.4.38.v20210224/websocket-client-9.4.38.v20210224.jar:/Users/fridaeriksennaess/.m2/repository/org/eclipse/jetty/jetty-client/9.4.38.v20210224/jetty-client-9.4.38.v20210224.jar:/Users/fridaeriksennaess/.m2/repository/org/eclipse/jetty/websocket/websocket-servlet/9.4.38.v20210224/websocket-servlet-9.4.38.v20210224.jar:/Users/fridaeriksennaess/.m2/repository/org/eclipse/jetty/websocket/javax-websocket-server-impl/9.4.38.v20210224/javax-websocket-server-impl-9.4.38.v20210224.jar:/Users/fridaeriksennaess/.m2/repository/org/eclipse/jetty/jetty-annotations/9.4.38.v20210224/jetty-annotations-9.4.38.v20210224.jar:/Users/fridaeriksennaess/.m2/repository/org/eclipse/jetty/jetty-plus/9.4.38.v20210224/jetty-plus-9.4.38.v20210224.jar:/Users/fridaeriksennaess/.m2/repository/org/ow2/asm/asm/9.0/asm-9.0.jar:/Users/fridaeriksennaess/.m2/repository/org/ow2/asm/asm-commons/9.0/asm-commons-9.0.jar:/Users/fridaeriksennaess/.m2/repository/org/ow2/asm/asm-tree/9.0/asm-tree-9.0.jar:/Users/fridaeriksennaess/.m2/repository/org/ow2/asm/asm-analysis/9.0/asm-analysis-9.0.jar:/Users/fridaeriksennaess/.m2/repository/org/eclipse/jetty/websocket/javax-websocket-client-impl/9.4.38.v20210224/javax-websocket-client-impl-9.4.38.v20210224.jar:/Users/fridaeriksennaess/.m2/repository/org/glassfish/jakarta.el/3.0.3/jakarta.el-3.0.3.jar:/Users/fridaeriksennaess/.m2/repository/org/springframework/boot/spring-boot-starter/2.7.5/spring-boot-starter-2.7.5.jar:/Users/fridaeriksennaess/.m2/repository/org/springframework/boot/spring-boot-starter-logging/2.7.5/spring-boot-starter-logging-2.7.5.jar:/Users/fridaeriksennaess/.m2/repository/ch/qos/logback/logback-classic/1.2.11/logback-classic-1.2.11.jar:/Users/fridaeriksennaess/.m2/repository/ch/qos/logback/logback-core/1.2.11/logback-core-1.2.11.jar:/Users/fridaeriksennaess/.m2/repository/org/apache/logging/log4j/log4j-to-slf4j/2.17.2/log4j-to-slf4j-2.17.2.jar:/Users/fridaeriksennaess/.m2/repository/org/apache/logging/log4j/log4j-api/2.17.2/log4j-api-2.17.2.jar:/Users/fridaeriksennaess/.m2/repository/org/slf4j/jul-to-slf4j/1.7.36/jul-to-slf4j-1.7.36.jar:/Users/fridaeriksennaess/.m2/repository/jakarta/annotation/jakarta.annotation-api/1.3.5/jakarta.annotation-api-1.3.5.jar:/Users/fridaeriksennaess/.m2/repository/org/springframework/spring-core/5.3.23/spring-core-5.3.23.jar:/Users/fridaeriksennaess/.m2/repository/org/springframework/spring-jcl/5.3.23/spring-jcl-5.3.23.jar:/Users/fridaeriksennaess/.m2/repository/org/yaml/snakeyaml/1.30/snakeyaml-1.30.jar:/Users/fridaeriksennaess/.m2/repository/org/springframework/boot/spring-boot-devtools/2.7.5/spring-boot-devtools-2.7.5.jar:/Users/fridaeriksennaess/.m2/repository/com/jayway/jsonpath/json-path/2.7.0/json-path-2.7.0.jar:/Users/fridaeriksennaess/.m2/repository/net/minidev/json-smart/2.4.7/json-smart-2.4.7.jar:/Users/fridaeriksennaess/.m2/repository/net/minidev/accessors-smart/2.4.7/accessors-smart-2.4.7.jar:/Users/fridaeriksennaess/.m2/repository/org/slf4j/slf4j-api/1.7.33/slf4j-api-1.7.33.jar:/Users/fridaeriksennaess/.m2/repository/org/openjfx/javafx-controls/19/javafx-controls-19.jar:/Users/fridaeriksennaess/.m2/repository/org/openjfx/javafx-graphics/19/javafx-graphics-19.jar:/Users/fridaeriksennaess/.m2/repository/org/openjfx/javafx-base/19/javafx-base-19.jar:/Users/fridaeriksennaess/.m2/repository/org/openjfx/javafx-fxml/19/javafx-fxml-19.jar:/Users/fridaeriksennaess/.m2/repository/org/junit/jupiter/junit-jupiter-api/5.7.2/junit-jupiter-api-5.7.2.jar:/Users/fridaeriksennaess/.m2/repository/org/apiguardian/apiguardian-api/1.1.0/apiguardian-api-1.1.0.jar:/Users/fridaeriksennaess/.m2/repository/org/opentest4j/opentest4j/1.2.0/opentest4j-1.2.0.jar:/Users/fridaeriksennaess/.m2/repository/org/junit/platform/junit-platform-commons/1.7.2/junit-platform-commons-1.7.2.jar:/Users/fridaeriksennaess/.m2/repository/org/junit/jupiter/junit-jupiter-engine/5.7.2/junit-jupiter-engine-5.7.2.jar:/Users/fridaeriksennaess/.m2/repository/org/junit/platform/junit-platform-engine/1.7.2/junit-platform-engine-1.7.2.jar:/Users/fridaeriksennaess/.m2/repository/org/junit/jupiter/junit-jupiter-params/5.7.2/junit-jupiter-params-5.7.2.jar:/Users/fridaeriksennaess/.m2/repository/org/testfx/testfx-core/4.0.16-alpha/testfx-core-4.0.16-alpha.jar:/Users/fridaeriksennaess/.m2/repository/org/hamcrest/hamcrest-core/1.3/hamcrest-core-1.3.jar:/Users/fridaeriksennaess/.m2/repository/org/assertj/assertj-core/3.13.2/assertj-core-3.13.2.jar:/Users/fridaeriksennaess/.m2/repository/org/testfx/testfx-junit5/4.0.16-alpha/testfx-junit5-4.0.16-alpha.jar:/Users/fridaeriksennaess/.m2/repository/org/hamcrest/hamcrest/2.2/hamcrest-2.2.jar:/Users/fridaeriksennaess/.m2/repository/org/apache/maven/surefire/surefire-junit-platform/3.0.0-M5/surefire-junit-platform-3.0.0-M5.jar:/Users/fridaeriksennaess/.m2/repository/org/apache/maven/surefire/common-java5/3.0.0-M5/common-java5-3.0.0-M5.jar:/Users/fridaeriksennaess/.m2/repository/org/junit/platform/junit-platform-launcher/1.7.2/junit-platform-launcher-1.7.2.jar"/>
    <property name="sun.management.compiler" value="HotSpot 64-Bit Tiered Compilers"/>
    <property name="ftp.nonProxyHosts" value="local|*.local|169.254/16|*.169.254/16"/>
    <property name="java.runtime.version" value="17.0.1+12"/>
    <property name="user.name" value="fridaeriksennaess"/>
    <property name="path.separator" value=":"/>
    <property name="os.version" value="13.0"/>
    <property name="java.runtime.name" value="OpenJDK Runtime Environment"/>
    <property name="file.encoding" value="UTF-8"/>
    <property name="java.vm.name" value="OpenJDK 64-Bit Server VM"/>
    <property name="java.vendor.version" value="Temurin-17.0.1+12"/>
    <property name="localRepository" value="/Users/fridaeriksennaess/.m2/repository"/>
    <property name="java.vendor.url.bug" value="https://github.com/adoptium/adoptium-support/issues"/>
    <property name="java.io.tmpdir" value="/var/folders/yx/f6lgkkk50kb60fhp7c8s0wlw0000gn/T/"/>
    <property name="java.version" value="17.0.1"/>
    <property name="user.dir" value="/Users/fridaeriksennaess/Skole/H2022/KodingH22/ITprosjekt/Prosjekt/gr2214/periodtracker/ui"/>
    <property name="os.arch" value="aarch64"/>
    <property name="java.vm.specification.name" value="Java Virtual Machine Specification"/>
    <property name="native.encoding" value="UTF-8"/>
    <property name="java.library.path" value="/Users/fridaeriksennaess/Library/Java/Extensions:/Library/Java/Extensions:/Network/Library/Java/Extensions:/System/Library/Java/Extensions:/usr/lib/java:."/>
    <property name="java.vm.info" value="mixed mode"/>
    <property name="java.vendor" value="Eclipse Adoptium"/>
    <property name="java.vm.version" value="17.0.1+12"/>
    <property name="sun.io.unicode.encoding" value="UnicodeBig"/>
    <property name="socksNonProxyHosts" value="local|*.local|169.254/16|*.169.254/16"/>
    <property name="java.class.version" value="61.0"/>
  </properties>
  <testcase name="testInvalidName" classname="periodtracker.ui.LoginControllerTest" time="2.4">
    <system-out><![CDATA[Could not get this person, are you sure you have a user?
]]></system-out>
  </testcase>
  <testcase name="testGoBackButton" classname="periodtracker.ui.LoginControllerTest" time="0.709"/>
  <testcase name="testInvalidNameTwo" classname="periodtracker.ui.LoginControllerTest" time="2.477">
    <system-out><![CDATA[Could not get this person, are you sure you have a user?
]]></system-out>
  </testcase>
  <testcase name="testValidPerson" classname="periodtracker.ui.LoginControllerTest" time="1.633"/>
  <testcase name="testEmptyNameInput" classname="periodtracker.ui.LoginControllerTest" time="0.904">
    <system-out><![CDATA[Could not get this person, are you sure you have a user?
]]></system-out>
  </testcase>
</testsuite>